{"/home/ko-kikuchi/env/budget/saleslist-front/app/projects/components/project-history-dialog.tsx": {"path":"/home/ko-kikuchi/env/budget/saleslist-front/app/projects/components/project-history-dialog.tsx","statementMap":{"0":{"start":{"line":100,"column":16},"end":{"line":100,"column":37}},"1":{"start":{"line":3,"column":68},"end":{"line":3,"column":null}},"2":{"start":{"line":4,"column":84},"end":{"line":4,"column":null}},"3":{"start":{"line":5,"column":78},"end":{"line":5,"column":null}},"4":{"start":{"line":6,"column":22},"end":{"line":6,"column":null}},"5":{"start":{"line":7,"column":23},"end":{"line":7,"column":null}},"6":{"start":{"line":8,"column":31},"end":{"line":8,"column":null}},"7":{"start":{"line":9,"column":38},"end":{"line":9,"column":null}},"8":{"start":{"line":10,"column":25},"end":{"line":10,"column":null}},"9":{"start":{"line":12,"column":19},"end":{"line":12,"column":null}},"10":{"start":{"line":14,"column":26},"end":{"line":14,"column":null}},"11":{"start":{"line":15,"column":21},"end":{"line":15,"column":null}},"12":{"start":{"line":17,"column":48},"end":{"line":33,"column":null}},"13":{"start":{"line":48,"column":2},"end":{"line":50,"column":null}},"14":{"start":{"line":49,"column":4},"end":{"line":49,"column":null}},"15":{"start":{"line":52,"column":2},"end":{"line":52,"column":null}},"16":{"start":{"line":52,"column":24},"end":{"line":52,"column":null}},"17":{"start":{"line":53,"column":16},"end":{"line":53,"column":null}},"18":{"start":{"line":54,"column":2},"end":{"line":54,"column":null}},"19":{"start":{"line":54,"column":24},"end":{"line":54,"column":null}},"20":{"start":{"line":55,"column":2},"end":{"line":58,"column":null}},"21":{"start":{"line":57,"column":19},"end":{"line":57,"column":null}},"22":{"start":{"line":62,"column":2},"end":{"line":75,"column":null}},"23":{"start":{"line":63,"column":17},"end":{"line":63,"column":null}},"24":{"start":{"line":64,"column":4},"end":{"line":64,"column":null}},"25":{"start":{"line":64,"column":38},"end":{"line":64,"column":null}},"26":{"start":{"line":65,"column":4},"end":{"line":72,"column":null}},"27":{"start":{"line":74,"column":4},"end":{"line":74,"column":null}},"28":{"start":{"line":79,"column":2},"end":{"line":79,"column":null}},"29":{"start":{"line":79,"column":17},"end":{"line":79,"column":null}},"30":{"start":{"line":81,"column":2},"end":{"line":97,"column":null}},"31":{"start":{"line":83,"column":20},"end":{"line":83,"column":null}},"32":{"start":{"line":86,"column":6},"end":{"line":94,"column":null}},"33":{"start":{"line":87,"column":8},"end":{"line":87,"column":null}},"34":{"start":{"line":88,"column":13},"end":{"line":94,"column":null}},"35":{"start":{"line":89,"column":8},"end":{"line":89,"column":null}},"36":{"start":{"line":90,"column":13},"end":{"line":94,"column":null}},"37":{"start":{"line":91,"column":8},"end":{"line":91,"column":null}},"38":{"start":{"line":93,"column":8},"end":{"line":93,"column":null}},"39":{"start":{"line":96,"column":6},"end":{"line":96,"column":null}},"40":{"start":{"line":101,"column":36},"end":{"line":101,"column":null}},"41":{"start":{"line":102,"column":36},"end":{"line":102,"column":null}},"42":{"start":{"line":103,"column":28},"end":{"line":103,"column":null}},"43":{"start":{"line":104,"column":56},"end":{"line":104,"column":null}},"44":{"start":{"line":105,"column":54},"end":{"line":105,"column":null}},"45":{"start":{"line":106,"column":20},"end":{"line":106,"column":null}},"46":{"start":{"line":108,"column":20},"end":{"line":108,"column":null}},"47":{"start":{"line":110,"column":25},"end":{"line":134,"column":null}},"48":{"start":{"line":111,"column":4},"end":{"line":111,"column":null}},"49":{"start":{"line":111,"column":20},"end":{"line":111,"column":null}},"50":{"start":{"line":112,"column":4},"end":{"line":112,"column":null}},"51":{"start":{"line":113,"column":4},"end":{"line":113,"column":null}},"52":{"start":{"line":115,"column":4},"end":{"line":133,"column":null}},"53":{"start":{"line":116,"column":23},"end":{"line":117,"column":null}},"54":{"start":{"line":120,"column":6},"end":{"line":123,"column":null}},"55":{"start":{"line":121,"column":23},"end":{"line":121,"column":null}},"56":{"start":{"line":122,"column":8},"end":{"line":122,"column":null}},"57":{"start":{"line":125,"column":37},"end":{"line":125,"column":null}},"58":{"start":{"line":126,"column":27},"end":{"line":126,"column":74}},"59":{"start":{"line":127,"column":6},"end":{"line":127,"column":null}},"60":{"start":{"line":129,"column":6},"end":{"line":129,"column":null}},"61":{"start":{"line":130,"column":6},"end":{"line":130,"column":null}},"62":{"start":{"line":132,"column":6},"end":{"line":132,"column":null}},"63":{"start":{"line":136,"column":2},"end":{"line":146,"column":null}},"64":{"start":{"line":137,"column":4},"end":{"line":139,"column":null}},"65":{"start":{"line":138,"column":6},"end":{"line":138,"column":null}},"66":{"start":{"line":140,"column":4},"end":{"line":145,"column":null}},"67":{"start":{"line":141,"column":6},"end":{"line":141,"column":null}},"68":{"start":{"line":142,"column":6},"end":{"line":142,"column":null}},"69":{"start":{"line":143,"column":6},"end":{"line":143,"column":null}},"70":{"start":{"line":144,"column":6},"end":{"line":144,"column":null}},"71":{"start":{"line":148,"column":26},"end":{"line":157,"column":null}},"72":{"start":{"line":149,"column":4},"end":{"line":149,"column":null}},"73":{"start":{"line":149,"column":27},"end":{"line":149,"column":null}},"74":{"start":{"line":150,"column":19},"end":{"line":150,"column":null}},"75":{"start":{"line":151,"column":4},"end":{"line":151,"column":null}},"76":{"start":{"line":152,"column":4},"end":{"line":156,"column":null}},"77":{"start":{"line":153,"column":6},"end":{"line":153,"column":null}},"78":{"start":{"line":153,"column":32},"end":{"line":153,"column":null}},"79":{"start":{"line":154,"column":24},"end":{"line":154,"column":null}},"80":{"start":{"line":155,"column":6},"end":{"line":155,"column":null}},"81":{"start":{"line":159,"column":27},"end":{"line":159,"column":null}},"82":{"start":{"line":160,"column":29},"end":{"line":160,"column":null}},"83":{"start":{"line":162,"column":24},"end":{"line":198,"column":null}},"84":{"start":{"line":164,"column":6},"end":{"line":164,"column":null}},"85":{"start":{"line":164,"column":22},"end":{"line":164,"column":null}},"86":{"start":{"line":165,"column":6},"end":{"line":165,"column":null}},"87":{"start":{"line":166,"column":6},"end":{"line":196,"column":null}},"88":{"start":{"line":167,"column":25},"end":{"line":169,"column":null}},"89":{"start":{"line":172,"column":8},"end":{"line":175,"column":null}},"90":{"start":{"line":173,"column":25},"end":{"line":173,"column":null}},"91":{"start":{"line":174,"column":10},"end":{"line":174,"column":null}},"92":{"start":{"line":177,"column":8},"end":{"line":180,"column":null}},"93":{"start":{"line":182,"column":8},"end":{"line":185,"column":null}},"94":{"start":{"line":187,"column":8},"end":{"line":187,"column":null}},"95":{"start":{"line":188,"column":8},"end":{"line":193,"column":null}},"96":{"start":{"line":195,"column":8},"end":{"line":195,"column":null}},"97":{"start":{"line":201,"column":23},"end":{"line":201,"column":null}},"98":{"start":{"line":245,"column":34},"end":{"line":245,"column":null}},"99":{"start":{"line":246,"column":42},"end":{"line":246,"column":null}},"100":{"start":{"line":247,"column":41},"end":{"line":247,"column":null}},"101":{"start":{"line":248,"column":37},"end":{"line":248,"column":71}},"102":{"start":{"line":249,"column":45},"end":{"line":250,"column":null}},"103":{"start":{"line":250,"column":31},"end":{"line":250,"column":null}},"104":{"start":{"line":250,"column":64},"end":{"line":250,"column":null}},"105":{"start":{"line":253,"column":18},"end":{"line":254,"column":null}},"106":{"start":{"line":269,"column":32},"end":{"line":269,"column":51}},"107":{"start":{"line":282,"column":32},"end":{"line":282,"column":null}},"108":{"start":{"line":300,"column":32},"end":{"line":300,"column":null}},"109":{"start":{"line":300,"column":65},"end":{"line":300,"column":106}},"110":{"start":{"line":309,"column":45},"end":{"line":309,"column":null}},"111":{"start":{"line":327,"column":59},"end":{"line":327,"column":null}},"112":{"start":{"line":328,"column":36},"end":{"line":330,"column":null}}},"fnMap":{"0":{"name":"extractChangedFields","decl":{"start":{"line":47,"column":9},"end":{"line":47,"column":30}},"loc":{"start":{"line":47,"column":55},"end":{"line":59,"column":null}}},"1":{"name":"(anonymous_2)","decl":{"start":{"line":57,"column":9},"end":{"line":57,"column":10}},"loc":{"start":{"line":57,"column":19},"end":{"line":57,"column":null}}},"2":{"name":"formatDateTime","decl":{"start":{"line":61,"column":9},"end":{"line":61,"column":24}},"loc":{"start":{"line":61,"column":37},"end":{"line":76,"column":null}}},"3":{"name":"formatOverviewEntries","decl":{"start":{"line":78,"column":9},"end":{"line":78,"column":31}},"loc":{"start":{"line":78,"column":76},"end":{"line":98,"column":null}}},"4":{"name":"(anonymous_5)","decl":{"start":{"line":82,"column":9},"end":{"line":82,"column":10}},"loc":{"start":{"line":82,"column":25},"end":{"line":97,"column":null}}},"5":{"name":"ProjectHistoryDialog","decl":{"start":{"line":100,"column":16},"end":{"line":100,"column":37}},"loc":{"start":{"line":100,"column":107},"end":{"line":367,"column":null}}},"6":{"name":"(anonymous_7)","decl":{"start":{"line":110,"column":37},"end":{"line":110,"column":null}},"loc":{"start":{"line":110,"column":37},"end":{"line":134,"column":5}}},"7":{"name":"(anonymous_8)","decl":{"start":{"line":136,"column":12},"end":{"line":136,"column":null}},"loc":{"start":{"line":136,"column":12},"end":{"line":146,"column":5}}},"8":{"name":"(anonymous_9)","decl":{"start":{"line":148,"column":34},"end":{"line":148,"column":null}},"loc":{"start":{"line":148,"column":34},"end":{"line":157,"column":5}}},"9":{"name":"(anonymous_10)","decl":{"start":{"line":152,"column":28},"end":{"line":152,"column":29}},"loc":{"start":{"line":152,"column":29},"end":{"line":156,"column":null}}},"10":{"name":"(anonymous_11)","decl":{"start":{"line":163,"column":4},"end":{"line":163,"column":11}},"loc":{"start":{"line":163,"column":11},"end":{"line":197,"column":null}}},"11":{"name":"(anonymous_12)","decl":{"start":{"line":244,"column":38},"end":{"line":244,"column":39}},"loc":{"start":{"line":244,"column":39},"end":{"line":359,"column":null}}},"12":{"name":"(anonymous_13)","decl":{"start":{"line":250,"column":20},"end":{"line":250,"column":21}},"loc":{"start":{"line":250,"column":31},"end":{"line":250,"column":null}}},"13":{"name":"(anonymous_14)","decl":{"start":{"line":250,"column":53},"end":{"line":250,"column":54}},"loc":{"start":{"line":250,"column":64},"end":{"line":250,"column":null}}},"14":{"name":"(anonymous_15)","decl":{"start":{"line":268,"column":43},"end":{"line":268,"column":44}},"loc":{"start":{"line":269,"column":32},"end":{"line":269,"column":51}}},"15":{"name":"(anonymous_16)","decl":{"start":{"line":281,"column":50},"end":{"line":281,"column":51}},"loc":{"start":{"line":282,"column":32},"end":{"line":282,"column":null}}},"16":{"name":"(anonymous_17)","decl":{"start":{"line":299,"column":39},"end":{"line":299,"column":null}},"loc":{"start":{"line":299,"column":39},"end":{"line":301,"column":null}}},"17":{"name":"(anonymous_18)","decl":{"start":{"line":300,"column":54},"end":{"line":300,"column":55}},"loc":{"start":{"line":300,"column":65},"end":{"line":300,"column":106}}},"18":{"name":"(anonymous_19)","decl":{"start":{"line":309,"column":39},"end":{"line":309,"column":45}},"loc":{"start":{"line":309,"column":45},"end":{"line":309,"column":null}}},"19":{"name":"(anonymous_20)","decl":{"start":{"line":326,"column":54},"end":{"line":326,"column":55}},"loc":{"start":{"line":326,"column":55},"end":{"line":343,"column":null}}}},"branchMap":{"0":{"loc":{"start":{"line":48,"column":2},"end":{"line":50,"column":null}},"type":"if","locations":[{"start":{"line":48,"column":2},"end":{"line":50,"column":null}},{"start":{},"end":{}}]},"1":{"loc":{"start":{"line":48,"column":6},"end":{"line":48,"column":69}},"type":"binary-expr","locations":[{"start":{"line":48,"column":6},"end":{"line":48,"column":29}},{"start":{"line":48,"column":33},"end":{"line":48,"column":69}}]},"2":{"loc":{"start":{"line":52,"column":2},"end":{"line":52,"column":null}},"type":"if","locations":[{"start":{"line":52,"column":2},"end":{"line":52,"column":null}},{"start":{},"end":{}}]},"3":{"loc":{"start":{"line":54,"column":2},"end":{"line":54,"column":null}},"type":"if","locations":[{"start":{"line":54,"column":2},"end":{"line":54,"column":null}},{"start":{},"end":{}}]},"4":{"loc":{"start":{"line":64,"column":4},"end":{"line":64,"column":null}},"type":"if","locations":[{"start":{"line":64,"column":4},"end":{"line":64,"column":null}},{"start":{},"end":{}}]},"5":{"loc":{"start":{"line":79,"column":2},"end":{"line":79,"column":null}},"type":"if","locations":[{"start":{"line":79,"column":2},"end":{"line":79,"column":null}},{"start":{},"end":{}}]},"6":{"loc":{"start":{"line":83,"column":20},"end":{"line":83,"column":null}},"type":"binary-expr","locations":[{"start":{"line":83,"column":20},"end":{"line":83,"column":40}},{"start":{"line":83,"column":44},"end":{"line":83,"column":null}}]},"7":{"loc":{"start":{"line":86,"column":6},"end":{"line":94,"column":null}},"type":"if","locations":[{"start":{"line":86,"column":6},"end":{"line":94,"column":null}},{"start":{"line":88,"column":13},"end":{"line":94,"column":null}}]},"8":{"loc":{"start":{"line":86,"column":10},"end":{"line":86,"column":47}},"type":"binary-expr","locations":[{"start":{"line":86,"column":10},"end":{"line":86,"column":30}},{"start":{"line":86,"column":30},"end":{"line":86,"column":47}}]},"9":{"loc":{"start":{"line":88,"column":13},"end":{"line":94,"column":null}},"type":"if","locations":[{"start":{"line":88,"column":13},"end":{"line":94,"column":null}},{"start":{"line":90,"column":13},"end":{"line":94,"column":null}}]},"10":{"loc":{"start":{"line":90,"column":13},"end":{"line":94,"column":null}},"type":"if","locations":[{"start":{"line":90,"column":13},"end":{"line":94,"column":null}},{"start":{"line":92,"column":13},"end":{"line":94,"column":null}}]},"11":{"loc":{"start":{"line":90,"column":17},"end":{"line":90,"column":118}},"type":"binary-expr","locations":[{"start":{"line":90,"column":17},"end":{"line":90,"column":50}},{"start":{"line":90,"column":50},"end":{"line":90,"column":75}},{"start":{"line":90,"column":75},"end":{"line":90,"column":98}},{"start":{"line":90,"column":98},"end":{"line":90,"column":114}}]},"12":{"loc":{"start":{"line":108,"column":20},"end":{"line":108,"column":null}},"type":"cond-expr","locations":[{"start":{"line":108,"column":30},"end":{"line":108,"column":51}},{"start":{"line":108,"column":51},"end":{"line":108,"column":null}}]},"13":{"loc":{"start":{"line":111,"column":4},"end":{"line":111,"column":null}},"type":"if","locations":[{"start":{"line":111,"column":4},"end":{"line":111,"column":null}},{"start":{},"end":{}}]},"14":{"loc":{"start":{"line":120,"column":6},"end":{"line":123,"column":null}},"type":"if","locations":[{"start":{"line":120,"column":6},"end":{"line":123,"column":null}},{"start":{},"end":{}}]},"15":{"loc":{"start":{"line":126,"column":27},"end":{"line":126,"column":74}},"type":"cond-expr","locations":[{"start":{"line":126,"column":49},"end":{"line":126,"column":56}},{"start":{"line":126,"column":56},"end":{"line":126,"column":74}}]},"16":{"loc":{"start":{"line":126,"column":56},"end":{"line":126,"column":74}},"type":"binary-expr","locations":[{"start":{"line":126,"column":56},"end":{"line":126,"column":68}},{"start":{"line":126,"column":72},"end":{"line":126,"column":74}}]},"17":{"loc":{"start":{"line":130,"column":15},"end":{"line":130,"column":null}},"type":"cond-expr","locations":[{"start":{"line":130,"column":45},"end":{"line":130,"column":63}},{"start":{"line":130,"column":66},"end":{"line":130,"column":null}}]},"18":{"loc":{"start":{"line":137,"column":4},"end":{"line":139,"column":null}},"type":"if","locations":[{"start":{"line":137,"column":4},"end":{"line":139,"column":null}},{"start":{},"end":{}}]},"19":{"loc":{"start":{"line":137,"column":8},"end":{"line":137,"column":27}},"type":"binary-expr","locations":[{"start":{"line":137,"column":8},"end":{"line":137,"column":16}},{"start":{"line":137,"column":16},"end":{"line":137,"column":27}}]},"20":{"loc":{"start":{"line":140,"column":4},"end":{"line":145,"column":null}},"type":"if","locations":[{"start":{"line":140,"column":4},"end":{"line":145,"column":null}},{"start":{},"end":{}}]},"21":{"loc":{"start":{"line":149,"column":4},"end":{"line":149,"column":null}},"type":"if","locations":[{"start":{"line":149,"column":4},"end":{"line":149,"column":null}},{"start":{},"end":{}}]},"22":{"loc":{"start":{"line":153,"column":6},"end":{"line":153,"column":null}},"type":"if","locations":[{"start":{"line":153,"column":6},"end":{"line":153,"column":null}},{"start":{},"end":{}}]},"23":{"loc":{"start":{"line":155,"column":13},"end":{"line":155,"column":null}},"type":"binary-expr","locations":[{"start":{"line":155,"column":13},"end":{"line":155,"column":51}},{"start":{"line":155,"column":51},"end":{"line":155,"column":null}}]},"24":{"loc":{"start":{"line":159,"column":27},"end":{"line":159,"column":null}},"type":"cond-expr","locations":[{"start":{"line":159,"column":56},"end":{"line":159,"column":74}},{"start":{"line":159,"column":74},"end":{"line":159,"column":null}}]},"25":{"loc":{"start":{"line":160,"column":29},"end":{"line":160,"column":null}},"type":"binary-expr","locations":[{"start":{"line":160,"column":29},"end":{"line":160,"column":61}},{"start":{"line":160,"column":61},"end":{"line":160,"column":null}}]},"26":{"loc":{"start":{"line":164,"column":6},"end":{"line":164,"column":null}},"type":"if","locations":[{"start":{"line":164,"column":6},"end":{"line":164,"column":null}},{"start":{},"end":{}}]},"27":{"loc":{"start":{"line":172,"column":8},"end":{"line":175,"column":null}},"type":"if","locations":[{"start":{"line":172,"column":8},"end":{"line":175,"column":null}},{"start":{},"end":{}}]},"28":{"loc":{"start":{"line":184,"column":10},"end":{"line":184,"column":null}},"type":"cond-expr","locations":[{"start":{"line":184,"column":23},"end":{"line":184,"column":55}},{"start":{"line":184,"column":55},"end":{"line":184,"column":null}}]},"29":{"loc":{"start":{"line":191,"column":12},"end":{"line":191,"column":null}},"type":"cond-expr","locations":[{"start":{"line":191,"column":44},"end":{"line":191,"column":64}},{"start":{"line":191,"column":67},"end":{"line":191,"column":null}}]},"30":{"loc":{"start":{"line":201,"column":23},"end":{"line":201,"column":null}},"type":"binary-expr","locations":[{"start":{"line":201,"column":23},"end":{"line":201,"column":49}},{"start":{"line":201,"column":49},"end":{"line":201,"column":83}}]},"31":{"loc":{"start":{"line":201,"column":49},"end":{"line":201,"column":83}},"type":"cond-expr","locations":[{"start":{"line":201,"column":59},"end":{"line":201,"column":77}},{"start":{"line":201,"column":80},"end":{"line":201,"column":83}}]},"32":{"loc":{"start":{"line":214,"column":10},"end":{"line":217,"column":null}},"type":"cond-expr","locations":[{"start":{"line":214,"column":10},"end":{"line":217,"column":null}}]},"33":{"loc":{"start":{"line":218,"column":10},"end":{"line":221,"column":29}},"type":"cond-expr","locations":[{"start":{"line":218,"column":10},"end":{"line":221,"column":29}}]},"34":{"loc":{"start":{"line":222,"column":10},"end":{"line":226,"column":11}},"type":"cond-expr","locations":[{"start":{"line":222,"column":10},"end":{"line":226,"column":11}}]},"35":{"loc":{"start":{"line":227,"column":13},"end":{"line":227,"column":null}},"type":"binary-expr","locations":[{"start":{"line":227,"column":13},"end":{"line":227,"column":null}}]},"36":{"loc":{"start":{"line":259,"column":29},"end":{"line":259,"column":null}},"type":"binary-expr","locations":[{"start":{"line":259,"column":29},"end":{"line":259,"column":50}},{"start":{"line":259,"column":54},"end":{"line":259,"column":69}},{"start":{"line":259,"column":73},"end":{"line":259,"column":null}}]},"37":{"loc":{"start":{"line":263,"column":27},"end":{"line":263,"column":null}},"type":"binary-expr","locations":[{"start":{"line":263,"column":27},"end":{"line":263,"column":51}},{"start":{"line":263,"column":56},"end":{"line":263,"column":112}}]},"38":{"loc":{"start":{"line":263,"column":56},"end":{"line":263,"column":112}},"type":"cond-expr","locations":[{"start":{"line":263,"column":78},"end":{"line":263,"column":107}},{"start":{"line":263,"column":110},"end":{"line":263,"column":112}}]},"39":{"loc":{"start":{"line":267,"column":28},"end":{"line":275,"column":29}},"type":"cond-expr","locations":[{"start":{"line":267,"column":28},"end":{"line":275,"column":29}}]},"40":{"loc":{"start":{"line":280,"column":28},"end":{"line":291,"column":29}},"type":"cond-expr","locations":[{"start":{"line":280,"column":28},"end":{"line":291,"column":29}}]},"41":{"loc":{"start":{"line":286,"column":31},"end":{"line":286,"column":77}},"type":"binary-expr","locations":[{"start":{"line":286,"column":31},"end":{"line":286,"column":77}}]},"42":{"loc":{"start":{"line":300,"column":65},"end":{"line":300,"column":106}},"type":"cond-expr","locations":[{"start":{"line":300,"column":88},"end":{"line":300,"column":95}},{"start":{"line":300,"column":95},"end":{"line":300,"column":106}}]},"43":{"loc":{"start":{"line":303,"column":31},"end":{"line":303,"column":null}},"type":"cond-expr","locations":[{"start":{"line":303,"column":44},"end":{"line":303,"column":55}},{"start":{"line":303,"column":55},"end":{"line":303,"column":null}}]},"44":{"loc":{"start":{"line":311,"column":31},"end":{"line":311,"column":null}},"type":"cond-expr","locations":[{"start":{"line":311,"column":69},"end":{"line":311,"column":80}},{"start":{"line":311,"column":80},"end":{"line":311,"column":null}}]},"45":{"loc":{"start":{"line":316,"column":23},"end":{"line":356,"column":null}},"type":"cond-expr","locations":[{"start":{"line":317,"column":24},"end":{"line":356,"column":null}},{"start":{"line":356,"column":26},"end":{"line":356,"column":null}}]},"46":{"loc":{"start":{"line":322,"column":33},"end":{"line":322,"column":48}},"type":"binary-expr","locations":[{"start":{"line":322,"column":33},"end":{"line":322,"column":48}}]},"47":{"loc":{"start":{"line":326,"column":34},"end":{"line":343,"column":null}},"type":"cond-expr","locations":[{"start":{"line":326,"column":34},"end":{"line":343,"column":null}}]},"48":{"loc":{"start":{"line":333,"column":42},"end":{"line":333,"column":null}},"type":"binary-expr","locations":[{"start":{"line":333,"column":42},"end":{"line":333,"column":60}},{"start":{"line":333,"column":60},"end":{"line":333,"column":null}}]},"49":{"loc":{"start":{"line":338,"column":43},"end":{"line":338,"column":61}},"type":"binary-expr","locations":[{"start":{"line":338,"column":43},"end":{"line":338,"column":61}}]},"50":{"loc":{"start":{"line":348,"column":31},"end":{"line":348,"column":null}},"type":"binary-expr","locations":[{"start":{"line":348,"column":31},"end":{"line":348,"column":null}}]}},"s":{"0":6,"1":1,"2":1,"3":1,"4":1,"5":1,"6":1,"7":1,"8":1,"9":1,"10":1,"11":1,"12":1,"13":10,"14":9,"15":1,"16":0,"17":1,"18":1,"19":0,"20":1,"21":1,"22":14,"23":14,"24":14,"25":4,"26":10,"27":0,"28":10,"29":0,"30":10,"31":37,"32":37,"33":4,"34":33,"35":4,"36":29,"37":4,"38":25,"39":37,"40":23,"41":23,"42":23,"43":23,"44":23,"45":23,"46":23,"47":23,"48":6,"49":0,"50":6,"51":6,"52":6,"53":6,"54":6,"55":1,"56":1,"57":5,"58":5,"59":5,"60":1,"61":1,"62":6,"63":23,"64":6,"65":5,"66":6,"67":1,"68":1,"69":1,"70":1,"71":23,"72":11,"73":6,"74":5,"75":5,"76":5,"77":5,"78":0,"79":5,"80":5,"81":23,"82":23,"83":23,"84":2,"85":0,"86":2,"87":2,"88":2,"89":2,"90":1,"91":1,"92":1,"93":1,"94":1,"95":1,"96":2,"97":23,"98":10,"99":10,"100":10,"101":10,"102":10,"103":19,"104":64,"105":10,"106":19,"107":37,"108":2,"109":2,"110":2,"111":21,"112":21},"f":{"0":10,"1":1,"2":14,"3":10,"4":37,"5":23,"6":6,"7":6,"8":11,"9":5,"10":2,"11":10,"12":19,"13":64,"14":19,"15":37,"16":2,"17":2,"18":2,"19":21},"b":{"0":[9,1],"1":[10,9],"2":[0,1],"3":[0,1],"4":[4,10],"5":[0,10],"6":[37,0],"7":[4,33],"8":[37,37],"9":[4,29],"10":[4,25],"11":[29,29,25,25],"12":[23,0],"13":[0,6],"14":[1,5],"15":[0,5],"16":[5,0],"17":[1,0],"18":[5,1],"19":[6,5],"20":[1,5],"21":[6,5],"22":[0,5],"23":[5,5],"24":[10,13],"25":[23,13],"26":[0,2],"27":[1,1],"28":[1,0],"29":[1,0],"30":[23,0],"31":[0,0],"32":[6],"33":[1],"34":[6],"35":[10],"36":[10,0,0],"37":[10,0],"38":[0,0],"39":[10],"40":[10],"41":[10],"42":[0,2],"43":[5,5],"44":[2,8],"45":[5,5],"46":[5],"47":[5],"48":[21,5],"49":[21],"50":[5]}}
,"/home/ko-kikuchi/env/budget/saleslist-front/components/clients/ng-list-tab.tsx": {"path":"/home/ko-kikuchi/env/budget/saleslist-front/components/clients/ng-list-tab.tsx","statementMap":{"0":{"start":{"line":22,"column":16},"end":{"line":22,"column":26}},"1":{"start":{"line":5,"column":25},"end":{"line":5,"column":null}},"2":{"start":{"line":6,"column":57},"end":{"line":6,"column":null}},"3":{"start":{"line":7,"column":23},"end":{"line":7,"column":null}},"4":{"start":{"line":8,"column":22},"end":{"line":8,"column":null}},"5":{"start":{"line":9,"column":22},"end":{"line":9,"column":null}},"6":{"start":{"line":10,"column":78},"end":{"line":10,"column":null}},"7":{"start":{"line":11,"column":78},"end":{"line":11,"column":null}},"8":{"start":{"line":12,"column":25},"end":{"line":12,"column":null}},"9":{"start":{"line":13,"column":26},"end":{"line":13,"column":null}},"10":{"start":{"line":14,"column":31},"end":{"line":14,"column":null}},"11":{"start":{"line":15,"column":27},"end":{"line":15,"column":null}},"12":{"start":{"line":16,"column":36},"end":{"line":16,"column":null}},"13":{"start":{"line":23,"column":40},"end":{"line":23,"column":null}},"14":{"start":{"line":24,"column":54},"end":{"line":24,"column":null}},"15":{"start":{"line":25,"column":83},"end":{"line":25,"column":null}},"16":{"start":{"line":26,"column":20},"end":{"line":26,"column":null}},"17":{"start":{"line":28,"column":27},"end":{"line":69,"column":null}},"18":{"start":{"line":29,"column":17},"end":{"line":29,"column":40}},"19":{"start":{"line":30,"column":4},"end":{"line":30,"column":null}},"20":{"start":{"line":30,"column":15},"end":{"line":30,"column":null}},"21":{"start":{"line":32,"column":4},"end":{"line":39,"column":null}},"22":{"start":{"line":33,"column":6},"end":{"line":37,"column":null}},"23":{"start":{"line":38,"column":6},"end":{"line":38,"column":null}},"24":{"start":{"line":41,"column":4},"end":{"line":41,"column":null}},"25":{"start":{"line":43,"column":4},"end":{"line":68,"column":null}},"26":{"start":{"line":44,"column":21},"end":{"line":44,"column":null}},"27":{"start":{"line":46,"column":6},"end":{"line":49,"column":null}},"28":{"start":{"line":51,"column":6},"end":{"line":57,"column":null}},"29":{"start":{"line":52,"column":8},"end":{"line":56,"column":null}},"30":{"start":{"line":59,"column":6},"end":{"line":63,"column":null}},"31":{"start":{"line":65,"column":6},"end":{"line":65,"column":null}},"32":{"start":{"line":67,"column":6},"end":{"line":67,"column":null}},"33":{"start":{"line":71,"column":27},"end":{"line":82,"column":null}},"34":{"start":{"line":72,"column":16},"end":{"line":72,"column":null}},"35":{"start":{"line":73,"column":17},"end":{"line":73,"column":null}},"36":{"start":{"line":74,"column":16},"end":{"line":74,"column":null}},"37":{"start":{"line":75,"column":14},"end":{"line":75,"column":null}},"38":{"start":{"line":76,"column":4},"end":{"line":76,"column":null}},"39":{"start":{"line":77,"column":4},"end":{"line":77,"column":null}},"40":{"start":{"line":78,"column":4},"end":{"line":78,"column":null}},"41":{"start":{"line":79,"column":4},"end":{"line":79,"column":null}},"42":{"start":{"line":80,"column":4},"end":{"line":80,"column":null}},"43":{"start":{"line":81,"column":4},"end":{"line":81,"column":null}},"44":{"start":{"line":84,"column":23},"end":{"line":100,"column":null}},"45":{"start":{"line":85,"column":4},"end":{"line":99,"column":null}},"46":{"start":{"line":86,"column":6},"end":{"line":98,"column":null}},"47":{"start":{"line":87,"column":8},"end":{"line":87,"column":null}},"48":{"start":{"line":88,"column":8},"end":{"line":91,"column":null}},"49":{"start":{"line":93,"column":8},"end":{"line":97,"column":null}},"50":{"start":{"line":102,"column":31},"end":{"line":104,"column":null}},"51":{"start":{"line":103,"column":4},"end":{"line":103,"column":null}},"52":{"start":{"line":106,"column":2},"end":{"line":108,"column":null}},"53":{"start":{"line":107,"column":4},"end":{"line":107,"column":null}},"54":{"start":{"line":110,"column":2},"end":{"line":112,"column":null}},"55":{"start":{"line":129,"column":35},"end":{"line":129,"column":null}},"56":{"start":{"line":211,"column":18},"end":{"line":211,"column":null}},"57":{"start":{"line":226,"column":39},"end":{"line":226,"column":null}}},"fnMap":{"0":{"name":"NGListTab","decl":{"start":{"line":22,"column":16},"end":{"line":22,"column":26}},"loc":{"start":{"line":22,"column":54},"end":{"line":250,"column":null}}},"1":{"name":"(anonymous_2)","decl":{"start":{"line":28,"column":27},"end":{"line":28,"column":34}},"loc":{"start":{"line":28,"column":34},"end":{"line":69,"column":null}}},"2":{"name":"(anonymous_3)","decl":{"start":{"line":71,"column":27},"end":{"line":71,"column":null}},"loc":{"start":{"line":71,"column":27},"end":{"line":82,"column":null}}},"3":{"name":"(anonymous_4)","decl":{"start":{"line":84,"column":23},"end":{"line":84,"column":30}},"loc":{"start":{"line":84,"column":30},"end":{"line":100,"column":null}}},"4":{"name":"(anonymous_5)","decl":{"start":{"line":102,"column":31},"end":{"line":102,"column":38}},"loc":{"start":{"line":102,"column":52},"end":{"line":104,"column":null}}},"5":{"name":"(anonymous_6)","decl":{"start":{"line":129,"column":29},"end":{"line":129,"column":35}},"loc":{"start":{"line":129,"column":35},"end":{"line":129,"column":null}}},"6":{"name":"(anonymous_7)","decl":{"start":{"line":210,"column":28},"end":{"line":210,"column":29}},"loc":{"start":{"line":211,"column":18},"end":{"line":211,"column":null}}},"7":{"name":"(anonymous_8)","decl":{"start":{"line":226,"column":33},"end":{"line":226,"column":39}},"loc":{"start":{"line":226,"column":39},"end":{"line":226,"column":null}}}},"branchMap":{"0":{"loc":{"start":{"line":30,"column":4},"end":{"line":30,"column":null}},"type":"if","locations":[{"start":{"line":30,"column":4},"end":{"line":30,"column":null}},{"start":{},"end":{}}]},"1":{"loc":{"start":{"line":32,"column":4},"end":{"line":39,"column":null}},"type":"if","locations":[{"start":{"line":32,"column":4},"end":{"line":39,"column":null}},{"start":{},"end":{}}]},"2":{"loc":{"start":{"line":51,"column":6},"end":{"line":57,"column":null}},"type":"if","locations":[{"start":{"line":51,"column":6},"end":{"line":57,"column":null}},{"start":{},"end":{}}]},"3":{"loc":{"start":{"line":85,"column":4},"end":{"line":99,"column":null}},"type":"if","locations":[{"start":{"line":85,"column":4},"end":{"line":99,"column":null}},{"start":{},"end":{}}]},"4":{"loc":{"start":{"line":106,"column":2},"end":{"line":108,"column":null}},"type":"if","locations":[{"start":{"line":106,"column":2},"end":{"line":108,"column":null}},{"start":{},"end":{}}]},"5":{"loc":{"start":{"line":110,"column":2},"end":{"line":112,"column":null}},"type":"if","locations":[{"start":{"line":110,"column":2},"end":{"line":112,"column":null}},{"start":{},"end":{}}]},"6":{"loc":{"start":{"line":173,"column":22},"end":{"line":178,"column":null}},"type":"cond-expr","locations":[{"start":{"line":173,"column":22},"end":{"line":178,"column":null}}]},"7":{"loc":{"start":{"line":191,"column":12},"end":{"line":199,"column":13}},"type":"cond-expr","locations":[{"start":{"line":191,"column":12},"end":{"line":199,"column":13}}]},"8":{"loc":{"start":{"line":215,"column":24},"end":{"line":217,"column":25}},"type":"cond-expr","locations":[{"start":{"line":215,"column":24},"end":{"line":217,"column":25}}]},"9":{"loc":{"start":{"line":220,"column":32},"end":{"line":220,"column":null}},"type":"binary-expr","locations":[{"start":{"line":220,"column":32},"end":{"line":220,"column":41}},{"start":{"line":220,"column":45},"end":{"line":220,"column":null}}]}},"s":{"0":9,"1":1,"2":1,"3":1,"4":1,"5":1,"6":1,"7":1,"8":1,"9":1,"10":1,"11":1,"12":1,"13":14,"14":14,"15":14,"16":14,"17":14,"18":3,"19":3,"20":0,"21":3,"22":1,"23":1,"24":2,"25":2,"26":2,"27":1,"28":1,"29":1,"30":1,"31":2,"32":2,"33":14,"34":1,"35":1,"36":1,"37":1,"38":1,"39":1,"40":1,"41":1,"42":1,"43":1,"44":14,"45":2,"46":2,"47":2,"48":1,"49":1,"50":14,"51":1,"52":14,"53":1,"54":13,"55":1,"56":2,"57":2},"f":{"0":14,"1":3,"2":1,"3":2,"4":1,"5":1,"6":2,"7":2},"b":{"0":[0,3],"1":[1,2],"2":[1,0],"3":[2,0],"4":[1,13],"5":[1,12],"6":[2],"7":[10],"8":[1],"9":[2,1]}}
,"/home/ko-kikuchi/env/budget/saleslist-front/components/companies/csv-import-dialog.tsx": {"path":"/home/ko-kikuchi/env/budget/saleslist-front/components/companies/csv-import-dialog.tsx","statementMap":{"0":{"start":{"line":19,"column":16},"end":{"line":19,"column":32}},"1":{"start":{"line":3,"column":25},"end":{"line":3,"column":null}},"2":{"start":{"line":4,"column":23},"end":{"line":4,"column":null}},"3":{"start":{"line":5,"column":65},"end":{"line":5,"column":null}},"4":{"start":{"line":6,"column":25},"end":{"line":6,"column":null}},"5":{"start":{"line":7,"column":40},"end":{"line":7,"column":null}},"6":{"start":{"line":8,"column":27},"end":{"line":8,"column":null}},"7":{"start":{"line":9,"column":31},"end":{"line":9,"column":null}},"8":{"start":{"line":10,"column":92},"end":{"line":10,"column":null}},"9":{"start":{"line":11,"column":36},"end":{"line":11,"column":null}},"10":{"start":{"line":20,"column":26},"end":{"line":20,"column":null}},"11":{"start":{"line":21,"column":32},"end":{"line":21,"column":null}},"12":{"start":{"line":22,"column":50},"end":{"line":22,"column":null}},"13":{"start":{"line":23,"column":42},"end":{"line":23,"column":null}},"14":{"start":{"line":24,"column":40},"end":{"line":24,"column":null}},"15":{"start":{"line":25,"column":46},"end":{"line":25,"column":null}},"16":{"start":{"line":26,"column":26},"end":{"line":26,"column":null}},"17":{"start":{"line":28,"column":27},"end":{"line":32,"column":null}},"18":{"start":{"line":29,"column":4},"end":{"line":29,"column":null}},"19":{"start":{"line":30,"column":4},"end":{"line":30,"column":null}},"20":{"start":{"line":31,"column":4},"end":{"line":31,"column":null}},"21":{"start":{"line":34,"column":22},"end":{"line":60,"column":null}},"22":{"start":{"line":35,"column":4},"end":{"line":35,"column":null}},"23":{"start":{"line":37,"column":4},"end":{"line":59,"column":null}},"24":{"start":{"line":38,"column":19},"end":{"line":38,"column":null}},"25":{"start":{"line":39,"column":21},"end":{"line":39,"column":null}},"26":{"start":{"line":40,"column":21},"end":{"line":40,"column":null}},"27":{"start":{"line":42,"column":6},"end":{"line":42,"column":null}},"28":{"start":{"line":43,"column":6},"end":{"line":43,"column":null}},"29":{"start":{"line":45,"column":6},"end":{"line":47,"column":null}},"30":{"start":{"line":46,"column":8},"end":{"line":46,"column":null}},"31":{"start":{"line":49,"column":6},"end":{"line":56,"column":null}},"32":{"start":{"line":58,"column":6},"end":{"line":58,"column":null}},"33":{"start":{"line":62,"column":23},"end":{"line":91,"column":null}},"34":{"start":{"line":63,"column":4},"end":{"line":63,"column":null}},"35":{"start":{"line":63,"column":37},"end":{"line":63,"column":null}},"36":{"start":{"line":65,"column":4},"end":{"line":65,"column":null}},"37":{"start":{"line":66,"column":4},"end":{"line":66,"column":null}},"38":{"start":{"line":68,"column":4},"end":{"line":90,"column":null}},"39":{"start":{"line":69,"column":24},"end":{"line":69,"column":null}},"40":{"start":{"line":71,"column":6},"end":{"line":74,"column":null}},"41":{"start":{"line":71,"column":19},"end":{"line":71,"column":22}},"42":{"start":{"line":72,"column":8},"end":{"line":72,"column":null}},"43":{"start":{"line":73,"column":8},"end":{"line":73,"column":null}},"44":{"start":{"line":73,"column":39},"end":{"line":73,"column":null}},"45":{"start":{"line":76,"column":6},"end":{"line":76,"column":null}},"46":{"start":{"line":77,"column":6},"end":{"line":77,"column":null}},"47":{"start":{"line":79,"column":6},"end":{"line":79,"column":null}},"48":{"start":{"line":80,"column":6},"end":{"line":87,"column":null}},"49":{"start":{"line":89,"column":6},"end":{"line":89,"column":null}},"50":{"start":{"line":93,"column":22},"end":{"line":101,"column":null}},"51":{"start":{"line":94,"column":4},"end":{"line":94,"column":null}},"52":{"start":{"line":95,"column":4},"end":{"line":95,"column":null}},"53":{"start":{"line":96,"column":4},"end":{"line":96,"column":null}},"54":{"start":{"line":97,"column":4},"end":{"line":97,"column":null}},"55":{"start":{"line":98,"column":4},"end":{"line":98,"column":null}},"56":{"start":{"line":99,"column":4},"end":{"line":99,"column":null}},"57":{"start":{"line":100,"column":4},"end":{"line":100,"column":null}},"58":{"start":{"line":103,"column":22},"end":{"line":106,"column":null}},"59":{"start":{"line":104,"column":4},"end":{"line":104,"column":null}},"60":{"start":{"line":105,"column":4},"end":{"line":105,"column":null}},"61":{"start":{"line":128,"column":32},"end":{"line":128,"column":null}},"62":{"start":{"line":151,"column":57},"end":{"line":151,"column":78}}},"fnMap":{"0":{"name":"CSVImportDialog","decl":{"start":{"line":19,"column":16},"end":{"line":19,"column":32}},"loc":{"start":{"line":19,"column":86},"end":{"line":173,"column":null}}},"1":{"name":"(anonymous_2)","decl":{"start":{"line":28,"column":27},"end":{"line":28,"column":28}},"loc":{"start":{"line":28,"column":28},"end":{"line":32,"column":null}}},"2":{"name":"(anonymous_3)","decl":{"start":{"line":34,"column":22},"end":{"line":34,"column":29}},"loc":{"start":{"line":34,"column":29},"end":{"line":60,"column":null}}},"3":{"name":"(anonymous_4)","decl":{"start":{"line":62,"column":23},"end":{"line":62,"column":null}},"loc":{"start":{"line":62,"column":23},"end":{"line":91,"column":null}}},"4":{"name":"(anonymous_5)","decl":{"start":{"line":73,"column":26},"end":{"line":73,"column":27}},"loc":{"start":{"line":73,"column":39},"end":{"line":73,"column":null}}},"5":{"name":"(anonymous_6)","decl":{"start":{"line":93,"column":22},"end":{"line":93,"column":null}},"loc":{"start":{"line":93,"column":22},"end":{"line":101,"column":null}}},"6":{"name":"(anonymous_7)","decl":{"start":{"line":103,"column":22},"end":{"line":103,"column":null}},"loc":{"start":{"line":103,"column":22},"end":{"line":106,"column":null}}},"7":{"name":"(anonymous_8)","decl":{"start":{"line":128,"column":26},"end":{"line":128,"column":32}},"loc":{"start":{"line":128,"column":32},"end":{"line":128,"column":null}}},"8":{"name":"(anonymous_9)","decl":{"start":{"line":151,"column":51},"end":{"line":151,"column":57}},"loc":{"start":{"line":151,"column":57},"end":{"line":151,"column":78}}}},"branchMap":{"0":{"loc":{"start":{"line":45,"column":6},"end":{"line":47,"column":null}},"type":"if","locations":[{"start":{"line":45,"column":6},"end":{"line":47,"column":null}},{"start":{},"end":{}}]},"1":{"loc":{"start":{"line":54,"column":19},"end":{"line":54,"column":null}},"type":"cond-expr","locations":[{"start":{"line":54,"column":44},"end":{"line":54,"column":57}},{"start":{"line":54,"column":60},"end":{"line":54,"column":null}}]},"2":{"loc":{"start":{"line":63,"column":4},"end":{"line":63,"column":null}},"type":"if","locations":[{"start":{"line":63,"column":4},"end":{"line":63,"column":null}},{"start":{},"end":{}}]},"3":{"loc":{"start":{"line":119,"column":11},"end":{"line":119,"column":32}},"type":"binary-expr","locations":[{"start":{"line":119,"column":11},"end":{"line":119,"column":32}}]},"4":{"loc":{"start":{"line":121,"column":11},"end":{"line":121,"column":34}},"type":"binary-expr","locations":[{"start":{"line":121,"column":11},"end":{"line":121,"column":34}},{"start":{"line":121,"column":34},"end":{"line":121,"column":null}}]},"5":{"loc":{"start":{"line":132,"column":11},"end":{"line":132,"column":null}},"type":"binary-expr","locations":[{"start":{"line":132,"column":11},"end":{"line":132,"column":null}}]},"6":{"loc":{"start":{"line":140,"column":15},"end":{"line":140,"column":null}},"type":"binary-expr","locations":[{"start":{"line":140,"column":15},"end":{"line":140,"column":null}}]},"7":{"loc":{"start":{"line":155,"column":19},"end":{"line":155,"column":76}},"type":"cond-expr","locations":[{"start":{"line":155,"column":33},"end":{"line":155,"column":47}},{"start":{"line":155,"column":47},"end":{"line":155,"column":76}}]},"8":{"loc":{"start":{"line":161,"column":11},"end":{"line":161,"column":null}},"type":"binary-expr","locations":[{"start":{"line":161,"column":11},"end":{"line":161,"column":null}}]}},"s":{"0":3,"1":1,"2":1,"3":1,"4":1,"5":1,"6":1,"7":1,"8":1,"9":1,"10":15,"11":15,"12":15,"13":15,"14":15,"15":15,"16":15,"17":15,"18":3,"19":3,"20":3,"21":15,"22":3,"23":3,"24":3,"25":3,"26":3,"27":3,"28":3,"29":3,"30":2,"31":0,"32":3,"33":15,"34":2,"35":0,"36":2,"37":2,"38":2,"39":2,"40":1,"41":1,"42":11,"43":11,"44":11,"45":1,"46":1,"47":1,"48":1,"49":2,"50":15,"51":1,"52":1,"53":1,"54":1,"55":1,"56":1,"57":1,"58":15,"59":1,"60":1,"61":0,"62":1},"f":{"0":15,"1":3,"2":3,"3":2,"4":11,"5":1,"6":1,"7":0,"8":1},"b":{"0":[2,1],"1":[0,0],"2":[0,2],"3":[15],"4":[15,5],"5":[15],"6":[5],"7":[2,3],"8":[15]}}
,"/home/ko-kikuchi/env/budget/saleslist-front/components/companies/csv-steps/upload-step.tsx": {"path":"/home/ko-kikuchi/env/budget/saleslist-front/components/companies/csv-steps/upload-step.tsx","statementMap":{"0":{"start":{"line":13,"column":16},"end":{"line":13,"column":27}},"1":{"start":{"line":3,"column":23},"end":{"line":3,"column":null}},"2":{"start":{"line":4,"column":23},"end":{"line":4,"column":null}},"3":{"start":{"line":5,"column":40},"end":{"line":5,"column":null}},"4":{"start":{"line":6,"column":36},"end":{"line":6,"column":null}},"5":{"start":{"line":7,"column":33},"end":{"line":7,"column":null}},"6":{"start":{"line":14,"column":23},"end":{"line":14,"column":null}},"7":{"start":{"line":28,"column":25},"end":{"line":28,"column":44}},"8":{"start":{"line":29,"column":12},"end":{"line":29,"column":null}},"9":{"start":{"line":29,"column":22},"end":{"line":29,"column":null}},"10":{"start":{"line":34,"column":31},"end":{"line":34,"column":null}}},"fnMap":{"0":{"name":"UploadStep","decl":{"start":{"line":13,"column":16},"end":{"line":13,"column":27}},"loc":{"start":{"line":13,"column":60},"end":{"line":55,"column":null}}},"1":{"name":"(anonymous_2)","decl":{"start":{"line":27,"column":20},"end":{"line":27,"column":21}},"loc":{"start":{"line":27,"column":21},"end":{"line":30,"column":null}}},"2":{"name":"(anonymous_3)","decl":{"start":{"line":34,"column":25},"end":{"line":34,"column":31}},"loc":{"start":{"line":34,"column":31},"end":{"line":34,"column":null}}}},"branchMap":{"0":{"loc":{"start":{"line":29,"column":12},"end":{"line":29,"column":null}},"type":"if","locations":[{"start":{"line":29,"column":12},"end":{"line":29,"column":null}},{"start":{},"end":{}}]}},"s":{"0":4,"1":1,"2":1,"3":1,"4":1,"5":1,"6":4,"7":3,"8":3,"9":3,"10":0},"f":{"0":4,"1":3,"2":0},"b":{"0":[3,0]}}
,"/home/ko-kikuchi/env/budget/saleslist-front/components/companies/csv-steps/validation-step.tsx": {"path":"/home/ko-kikuchi/env/budget/saleslist-front/components/companies/csv-steps/validation-step.tsx","statementMap":{"0":{"start":{"line":21,"column":16},"end":{"line":21,"column":31}},"1":{"start":{"line":3,"column":23},"end":{"line":3,"column":null}},"2":{"start":{"line":4,"column":22},"end":{"line":4,"column":null}},"3":{"start":{"line":5,"column":78},"end":{"line":5,"column":null}},"4":{"start":{"line":6,"column":27},"end":{"line":6,"column":null}},"5":{"start":{"line":7,"column":31},"end":{"line":7,"column":null}},"6":{"start":{"line":8,"column":40},"end":{"line":8,"column":null}},"7":{"start":{"line":9,"column":41},"end":{"line":9,"column":null}},"8":{"start":{"line":29,"column":2},"end":{"line":35,"column":null}},"9":{"start":{"line":37,"column":29},"end":{"line":41,"column":null}},"10":{"start":{"line":38,"column":21},"end":{"line":38,"column":null}},"11":{"start":{"line":39,"column":22},"end":{"line":39,"column":null}},"12":{"start":{"line":40,"column":4},"end":{"line":40,"column":null}},"13":{"start":{"line":84,"column":18},"end":{"line":84,"column":null}}},"fnMap":{"0":{"name":"ValidationStep","decl":{"start":{"line":21,"column":16},"end":{"line":21,"column":31}},"loc":{"start":{"line":28,"column":22},"end":{"line":107,"column":null}}},"1":{"name":"(anonymous_2)","decl":{"start":{"line":37,"column":29},"end":{"line":37,"column":30}},"loc":{"start":{"line":37,"column":30},"end":{"line":41,"column":null}}},"2":{"name":"(anonymous_3)","decl":{"start":{"line":83,"column":41},"end":{"line":83,"column":42}},"loc":{"start":{"line":84,"column":18},"end":{"line":84,"column":null}}}},"branchMap":{"0":{"loc":{"start":{"line":29,"column":2},"end":{"line":35,"column":null}},"type":"if","locations":[{"start":{"line":29,"column":2},"end":{"line":35,"column":null}},{"start":{},"end":{}}]},"1":{"loc":{"start":{"line":38,"column":21},"end":{"line":38,"column":null}},"type":"cond-expr","locations":[{"start":{"line":38,"column":37},"end":{"line":38,"column":53}},{"start":{"line":38,"column":56},"end":{"line":38,"column":null}}]},"2":{"loc":{"start":{"line":39,"column":22},"end":{"line":39,"column":null}},"type":"cond-expr","locations":[{"start":{"line":39,"column":66},"end":{"line":39,"column":89}},{"start":{"line":39,"column":92},"end":{"line":39,"column":null}}]},"3":{"loc":{"start":{"line":39,"column":22},"end":{"line":39,"column":66}},"type":"binary-expr","locations":[{"start":{"line":39,"column":22},"end":{"line":39,"column":33}},{"start":{"line":39,"column":37},"end":{"line":39,"column":66}}]},"4":{"loc":{"start":{"line":52,"column":8},"end":{"line":58,"column":9}},"type":"cond-expr","locations":[{"start":{"line":52,"column":8},"end":{"line":58,"column":9}}]},"5":{"loc":{"start":{"line":66,"column":7},"end":{"line":66,"column":null}},"type":"binary-expr","locations":[{"start":{"line":66,"column":7},"end":{"line":66,"column":null}}]},"6":{"loc":{"start":{"line":103,"column":9},"end":{"line":103,"column":42}},"type":"binary-expr","locations":[{"start":{"line":103,"column":9},"end":{"line":103,"column":42}}]}},"s":{"0":5,"1":1,"2":1,"3":1,"4":1,"5":1,"6":1,"7":1,"8":5,"9":2,"10":2,"11":2,"12":2,"13":2},"f":{"0":5,"1":2,"2":2},"b":{"0":[3,2],"1":[1,1],"2":[0,2],"3":[2,0],"4":[2],"5":[2],"6":[2]}}
,"/home/ko-kikuchi/env/budget/saleslist-front/hooks/use-ng-list.tsx": {"path":"/home/ko-kikuchi/env/budget/saleslist-front/hooks/use-ng-list.tsx","statementMap":{"0":{"start":{"line":9,"column":16},"end":{"line":9,"column":26}},"1":{"start":{"line":3,"column":36},"end":{"line":3,"column":null}},"2":{"start":{"line":4,"column":26},"end":{"line":4,"column":null}},"3":{"start":{"line":5,"column":27},"end":{"line":5,"column":null}},"4":{"start":{"line":6,"column":28},"end":{"line":6,"column":null}},"5":{"start":{"line":10,"column":30},"end":{"line":10,"column":null}},"6":{"start":{"line":11,"column":28},"end":{"line":15,"column":null}},"7":{"start":{"line":16,"column":36},"end":{"line":16,"column":null}},"8":{"start":{"line":17,"column":28},"end":{"line":17,"column":null}},"9":{"start":{"line":19,"column":22},"end":{"line":43,"column":null}},"10":{"start":{"line":20,"column":4},"end":{"line":20,"column":null}},"11":{"start":{"line":21,"column":4},"end":{"line":21,"column":null}},"12":{"start":{"line":21,"column":42},"end":{"line":21,"column":63}},"13":{"start":{"line":21,"column":63},"end":{"line":21,"column":71}},"14":{"start":{"line":22,"column":4},"end":{"line":22,"column":null}},"15":{"start":{"line":23,"column":4},"end":{"line":23,"column":null}},"16":{"start":{"line":25,"column":4},"end":{"line":42,"column":null}},"17":{"start":{"line":26,"column":19},"end":{"line":26,"column":null}},"18":{"start":{"line":27,"column":6},"end":{"line":27,"column":null}},"19":{"start":{"line":29,"column":6},"end":{"line":29,"column":null}},"20":{"start":{"line":30,"column":6},"end":{"line":34,"column":null}},"21":{"start":{"line":36,"column":6},"end":{"line":36,"column":null}},"22":{"start":{"line":37,"column":6},"end":{"line":37,"column":null}},"23":{"start":{"line":38,"column":6},"end":{"line":38,"column":null}},"24":{"start":{"line":39,"column":6},"end":{"line":39,"column":null}},"25":{"start":{"line":41,"column":6},"end":{"line":41,"column":null}},"26":{"start":{"line":45,"column":20},"end":{"line":58,"column":null}},"27":{"start":{"line":46,"column":4},"end":{"line":46,"column":null}},"28":{"start":{"line":48,"column":4},"end":{"line":57,"column":null}},"29":{"start":{"line":50,"column":19},"end":{"line":50,"column":null}},"30":{"start":{"line":53,"column":6},"end":{"line":53,"column":null}},"31":{"start":{"line":55,"column":6},"end":{"line":55,"column":null}},"32":{"start":{"line":56,"column":6},"end":{"line":56,"column":null}},"33":{"start":{"line":60,"column":19},"end":{"line":70,"column":null}},"34":{"start":{"line":61,"column":4},"end":{"line":61,"column":null}},"35":{"start":{"line":63,"column":4},"end":{"line":69,"column":null}},"36":{"start":{"line":64,"column":6},"end":{"line":64,"column":null}},"37":{"start":{"line":65,"column":6},"end":{"line":65,"column":null}},"38":{"start":{"line":67,"column":6},"end":{"line":67,"column":null}},"39":{"start":{"line":68,"column":6},"end":{"line":68,"column":null}},"40":{"start":{"line":72,"column":25},"end":{"line":86,"column":null}},"41":{"start":{"line":73,"column":4},"end":{"line":73,"column":null}},"42":{"start":{"line":75,"column":4},"end":{"line":85,"column":null}},"43":{"start":{"line":76,"column":6},"end":{"line":80,"column":null}},"44":{"start":{"line":81,"column":6},"end":{"line":81,"column":null}},"45":{"start":{"line":83,"column":6},"end":{"line":83,"column":null}},"46":{"start":{"line":84,"column":6},"end":{"line":84,"column":null}},"47":{"start":{"line":88,"column":2},"end":{"line":92,"column":null}},"48":{"start":{"line":89,"column":4},"end":{"line":91,"column":null}},"49":{"start":{"line":90,"column":6},"end":{"line":90,"column":null}},"50":{"start":{"line":94,"column":2},"end":{"line":103,"column":null}}},"fnMap":{"0":{"name":"useNGList","decl":{"start":{"line":9,"column":16},"end":{"line":9,"column":26}},"loc":{"start":{"line":9,"column":42},"end":{"line":104,"column":null}}},"1":{"name":"(anonymous_2)","decl":{"start":{"line":19,"column":22},"end":{"line":19,"column":null}},"loc":{"start":{"line":19,"column":22},"end":{"line":43,"column":null}}},"2":{"name":"(anonymous_3)","decl":{"start":{"line":45,"column":20},"end":{"line":45,"column":27}},"loc":{"start":{"line":45,"column":27},"end":{"line":58,"column":null}}},"3":{"name":"(anonymous_4)","decl":{"start":{"line":60,"column":19},"end":{"line":60,"column":26}},"loc":{"start":{"line":60,"column":26},"end":{"line":70,"column":null}}},"4":{"name":"(anonymous_5)","decl":{"start":{"line":72,"column":25},"end":{"line":72,"column":32}},"loc":{"start":{"line":72,"column":72},"end":{"line":86,"column":null}}},"5":{"name":"(anonymous_6)","decl":{"start":{"line":88,"column":12},"end":{"line":88,"column":null}},"loc":{"start":{"line":88,"column":12},"end":{"line":92,"column":5}}}},"branchMap":{"0":{"loc":{"start":{"line":21,"column":4},"end":{"line":21,"column":null}},"type":"if","locations":[{"start":{"line":21,"column":4},"end":{"line":21,"column":null}},{"start":{},"end":{}}]},"1":{"loc":{"start":{"line":29,"column":16},"end":{"line":29,"column":34}},"type":"binary-expr","locations":[{"start":{"line":29,"column":16},"end":{"line":29,"column":28}},{"start":{"line":29,"column":32},"end":{"line":29,"column":34}}]},"2":{"loc":{"start":{"line":31,"column":15},"end":{"line":31,"column":null}},"type":"binary-expr","locations":[{"start":{"line":31,"column":15},"end":{"line":31,"column":25}},{"start":{"line":31,"column":29},"end":{"line":31,"column":null}}]},"3":{"loc":{"start":{"line":32,"column":23},"end":{"line":32,"column":null}},"type":"binary-expr","locations":[{"start":{"line":32,"column":23},"end":{"line":32,"column":41}},{"start":{"line":32,"column":45},"end":{"line":32,"column":null}}]},"4":{"loc":{"start":{"line":33,"column":25},"end":{"line":33,"column":null}},"type":"binary-expr","locations":[{"start":{"line":33,"column":25},"end":{"line":33,"column":45}},{"start":{"line":33,"column":49},"end":{"line":33,"column":null}}]},"5":{"loc":{"start":{"line":79,"column":16},"end":{"line":79,"column":null}},"type":"binary-expr","locations":[{"start":{"line":79,"column":16},"end":{"line":79,"column":26}},{"start":{"line":79,"column":26},"end":{"line":79,"column":null}}]},"6":{"loc":{"start":{"line":89,"column":4},"end":{"line":91,"column":null}},"type":"if","locations":[{"start":{"line":89,"column":4},"end":{"line":91,"column":null}},{"start":{},"end":{}}]}},"s":{"0":27,"1":1,"2":1,"3":1,"4":1,"5":27,"6":27,"7":27,"8":27,"9":27,"10":11,"11":11,"12":0,"13":0,"14":11,"15":11,"16":11,"17":11,"18":10,"19":10,"20":10,"21":1,"22":1,"23":1,"24":1,"25":11,"26":27,"27":2,"28":2,"29":2,"30":1,"31":1,"32":1,"33":27,"34":2,"35":2,"36":2,"37":1,"38":1,"39":1,"40":27,"41":2,"42":2,"43":2,"44":1,"45":1,"46":1,"47":27,"48":8,"49":8,"50":27},"f":{"0":27,"1":11,"2":2,"3":2,"4":2,"5":8},"b":{"0":[0,11],"1":[10,0],"2":[10,0],"3":[10,0],"4":[10,10],"5":[2,0],"6":[8,0]}}
,"/home/ko-kikuchi/env/budget/saleslist-front/lib/csv-utils.ts": {"path":"/home/ko-kikuchi/env/budget/saleslist-front/lib/csv-utils.ts","statementMap":{"0":{"start":{"line":42,"column":13},"end":{"line":42,"column":36}},"1":{"start":{"line":16,"column":13},"end":{"line":16,"column":24}},"2":{"start":{"line":29,"column":13},"end":{"line":29,"column":30}},"3":{"start":{"line":245,"column":16},"end":{"line":245,"column":39}},"4":{"start":{"line":276,"column":16},"end":{"line":276,"column":42}},"5":{"start":{"line":79,"column":16},"end":{"line":79,"column":27}},"6":{"start":{"line":55,"column":16},"end":{"line":55,"column":36}},"7":{"start":{"line":94,"column":16},"end":{"line":94,"column":24}},"8":{"start":{"line":193,"column":16},"end":{"line":193,"column":31}},"9":{"start":{"line":16,"column":27},"end":{"line":27,"column":null}},"10":{"start":{"line":29,"column":33},"end":{"line":40,"column":null}},"11":{"start":{"line":42,"column":63},"end":{"line":53,"column":null}},"12":{"start":{"line":56,"column":18},"end":{"line":56,"column":null}},"13":{"start":{"line":56,"column":46},"end":{"line":56,"column":71}},"14":{"start":{"line":58,"column":15},"end":{"line":74,"column":null}},"15":{"start":{"line":59,"column":4},"end":{"line":73,"column":null}},"16":{"start":{"line":60,"column":18},"end":{"line":60,"column":null}},"17":{"start":{"line":63,"column":6},"end":{"line":65,"column":null}},"18":{"start":{"line":64,"column":8},"end":{"line":64,"column":null}},"19":{"start":{"line":68,"column":6},"end":{"line":70,"column":null}},"20":{"start":{"line":69,"column":8},"end":{"line":69,"column":null}},"21":{"start":{"line":72,"column":6},"end":{"line":72,"column":null}},"22":{"start":{"line":76,"column":2},"end":{"line":76,"column":null}},"23":{"start":{"line":80,"column":15},"end":{"line":80,"column":null}},"24":{"start":{"line":81,"column":15},"end":{"line":81,"column":null}},"25":{"start":{"line":83,"column":2},"end":{"line":91,"column":null}},"26":{"start":{"line":84,"column":16},"end":{"line":84,"column":null}},"27":{"start":{"line":85,"column":4},"end":{"line":85,"column":null}},"28":{"start":{"line":86,"column":4},"end":{"line":86,"column":null}},"29":{"start":{"line":87,"column":4},"end":{"line":87,"column":null}},"30":{"start":{"line":88,"column":4},"end":{"line":88,"column":null}},"31":{"start":{"line":89,"column":4},"end":{"line":89,"column":null}},"32":{"start":{"line":90,"column":4},"end":{"line":90,"column":null}},"33":{"start":{"line":95,"column":16},"end":{"line":95,"column":null}},"34":{"start":{"line":95,"column":53},"end":{"line":95,"column":null}},"35":{"start":{"line":97,"column":2},"end":{"line":99,"column":null}},"36":{"start":{"line":98,"column":4},"end":{"line":98,"column":null}},"37":{"start":{"line":101,"column":18},"end":{"line":101,"column":null}},"38":{"start":{"line":101,"column":49},"end":{"line":101,"column":null}},"39":{"start":{"line":102,"column":20},"end":{"line":102,"column":null}},"40":{"start":{"line":104,"column":2},"end":{"line":119,"column":null}},"41":{"start":{"line":105,"column":19},"end":{"line":105,"column":null}},"42":{"start":{"line":107,"column":4},"end":{"line":109,"column":null}},"43":{"start":{"line":108,"column":6},"end":{"line":108,"column":null}},"44":{"start":{"line":111,"column":21},"end":{"line":111,"column":null}},"45":{"start":{"line":112,"column":4},"end":{"line":116,"column":null}},"46":{"start":{"line":114,"column":31},"end":{"line":114,"column":null}},"47":{"start":{"line":115,"column":6},"end":{"line":115,"column":null}},"48":{"start":{"line":118,"column":4},"end":{"line":118,"column":null}},"49":{"start":{"line":123,"column":27},"end":{"line":123,"column":29}},"50":{"start":{"line":124,"column":16},"end":{"line":124,"column":null}},"51":{"start":{"line":125,"column":17},"end":{"line":125,"column":null}},"52":{"start":{"line":127,"column":2},"end":{"line":144,"column":null}},"53":{"start":{"line":127,"column":15},"end":{"line":127,"column":18}},"54":{"start":{"line":128,"column":17},"end":{"line":128,"column":24}},"55":{"start":{"line":129,"column":21},"end":{"line":129,"column":32}},"56":{"start":{"line":131,"column":4},"end":{"line":143,"column":null}},"57":{"start":{"line":132,"column":6},"end":{"line":137,"column":null}},"58":{"start":{"line":133,"column":8},"end":{"line":133,"column":null}},"59":{"start":{"line":136,"column":8},"end":{"line":136,"column":null}},"60":{"start":{"line":138,"column":11},"end":{"line":143,"column":null}},"61":{"start":{"line":139,"column":6},"end":{"line":139,"column":null}},"62":{"start":{"line":140,"column":6},"end":{"line":140,"column":null}},"63":{"start":{"line":142,"column":6},"end":{"line":142,"column":null}},"64":{"start":{"line":146,"column":2},"end":{"line":146,"column":null}},"65":{"start":{"line":147,"column":2},"end":{"line":147,"column":null}},"66":{"start":{"line":151,"column":21},"end":{"line":151,"column":null}},"67":{"start":{"line":154,"column":44},"end":{"line":181,"column":null}},"68":{"start":{"line":183,"column":2},"end":{"line":183,"column":null}},"69":{"start":{"line":194,"column":39},"end":{"line":194,"column":41}},"70":{"start":{"line":196,"column":24},"end":{"line":196,"column":null}},"71":{"start":{"line":196,"column":51},"end":{"line":196,"column":null}},"72":{"start":{"line":198,"column":2},"end":{"line":240,"column":null}},"73":{"start":{"line":199,"column":22},"end":{"line":199,"column":32}},"74":{"start":{"line":201,"column":21},"end":{"line":209,"column":null}},"75":{"start":{"line":202,"column":20},"end":{"line":202,"column":null}},"76":{"start":{"line":203,"column":6},"end":{"line":208,"column":null}},"77":{"start":{"line":212,"column":4},"end":{"line":214,"column":null}},"78":{"start":{"line":213,"column":6},"end":{"line":213,"column":null}},"79":{"start":{"line":217,"column":4},"end":{"line":219,"column":null}},"80":{"start":{"line":218,"column":6},"end":{"line":218,"column":null}},"81":{"start":{"line":222,"column":4},"end":{"line":224,"column":null}},"82":{"start":{"line":223,"column":6},"end":{"line":223,"column":null}},"83":{"start":{"line":227,"column":4},"end":{"line":229,"column":null}},"84":{"start":{"line":228,"column":6},"end":{"line":228,"column":null}},"85":{"start":{"line":232,"column":26},"end":{"line":232,"column":null}},"86":{"start":{"line":233,"column":4},"end":{"line":239,"column":null}},"87":{"start":{"line":234,"column":6},"end":{"line":237,"column":null}},"88":{"start":{"line":242,"column":2},"end":{"line":242,"column":null}},"89":{"start":{"line":248,"column":2},"end":{"line":273,"column":null}},"90":{"start":{"line":249,"column":26},"end":{"line":249,"column":null}},"91":{"start":{"line":250,"column":25},"end":{"line":250,"column":49}},"92":{"start":{"line":252,"column":4},"end":{"line":272,"column":null}},"93":{"start":{"line":277,"column":18},"end":{"line":277,"column":null}},"94":{"start":{"line":278,"column":15},"end":{"line":291,"column":null}},"95":{"start":{"line":279,"column":4},"end":{"line":290,"column":null}},"96":{"start":{"line":290,"column":19},"end":{"line":290,"column":59}},"97":{"start":{"line":293,"column":2},"end":{"line":293,"column":null}}},"fnMap":{"0":{"name":"exportCompaniesToCSV","decl":{"start":{"line":55,"column":16},"end":{"line":55,"column":36}},"loc":{"start":{"line":55,"column":57},"end":{"line":77,"column":null}}},"1":{"name":"(anonymous_11)","decl":{"start":{"line":56,"column":34},"end":{"line":56,"column":35}},"loc":{"start":{"line":56,"column":46},"end":{"line":56,"column":71}}},"2":{"name":"(anonymous_12)","decl":{"start":{"line":58,"column":29},"end":{"line":58,"column":30}},"loc":{"start":{"line":58,"column":30},"end":{"line":74,"column":null}}},"3":{"name":"(anonymous_13)","decl":{"start":{"line":59,"column":27},"end":{"line":59,"column":28}},"loc":{"start":{"line":59,"column":28},"end":{"line":73,"column":7}}},"4":{"name":"downloadCSV","decl":{"start":{"line":79,"column":16},"end":{"line":79,"column":27}},"loc":{"start":{"line":79,"column":64},"end":{"line":92,"column":null}}},"5":{"name":"parseCSV","decl":{"start":{"line":94,"column":16},"end":{"line":94,"column":24}},"loc":{"start":{"line":94,"column":40},"end":{"line":120,"column":null}}},"6":{"name":"(anonymous_16)","decl":{"start":{"line":95,"column":43},"end":{"line":95,"column":44}},"loc":{"start":{"line":95,"column":53},"end":{"line":95,"column":null}}},"7":{"name":"(anonymous_17)","decl":{"start":{"line":101,"column":42},"end":{"line":101,"column":43}},"loc":{"start":{"line":101,"column":49},"end":{"line":101,"column":null}}},"8":{"name":"(anonymous_18)","decl":{"start":{"line":104,"column":23},"end":{"line":104,"column":24}},"loc":{"start":{"line":104,"column":30},"end":{"line":119,"column":null}}},"9":{"name":"(anonymous_19)","decl":{"start":{"line":112,"column":20},"end":{"line":112,"column":21}},"loc":{"start":{"line":112,"column":29},"end":{"line":116,"column":null}}},"10":{"name":"parseCSVLine","decl":{"start":{"line":122,"column":9},"end":{"line":122,"column":22}},"loc":{"start":{"line":122,"column":34},"end":{"line":148,"column":null}}},"11":{"name":"normalizeHeader","decl":{"start":{"line":150,"column":9},"end":{"line":150,"column":25}},"loc":{"start":{"line":150,"column":39},"end":{"line":184,"column":null}}},"12":{"name":"validateCSVData","decl":{"start":{"line":193,"column":16},"end":{"line":193,"column":31}},"loc":{"start":{"line":193,"column":54},"end":{"line":243,"column":null}}},"13":{"name":"(anonymous_23)","decl":{"start":{"line":196,"column":24},"end":{"line":196,"column":25}},"loc":{"start":{"line":196,"column":51},"end":{"line":196,"column":null}}},"14":{"name":"(anonymous_24)","decl":{"start":{"line":198,"column":15},"end":{"line":198,"column":16}},"loc":{"start":{"line":198,"column":21},"end":{"line":240,"column":null}}},"15":{"name":"(anonymous_25)","decl":{"start":{"line":201,"column":21},"end":{"line":201,"column":22}},"loc":{"start":{"line":201,"column":76},"end":{"line":209,"column":null}}},"16":{"name":"convertCSVToCompanyData","decl":{"start":{"line":245,"column":16},"end":{"line":245,"column":39}},"loc":{"start":{"line":246,"column":27},"end":{"line":274,"column":null}}},"17":{"name":"(anonymous_27)","decl":{"start":{"line":248,"column":21},"end":{"line":248,"column":22}},"loc":{"start":{"line":248,"column":27},"end":{"line":273,"column":null}}},"18":{"name":"convertCompaniesArrayToCSV","decl":{"start":{"line":276,"column":16},"end":{"line":276,"column":42}},"loc":{"start":{"line":276,"column":59},"end":{"line":294,"column":null}}},"19":{"name":"(anonymous_29)","decl":{"start":{"line":278,"column":29},"end":{"line":278,"column":null}},"loc":{"start":{"line":278,"column":29},"end":{"line":291,"column":null}}},"20":{"name":"(anonymous_30)","decl":{"start":{"line":290,"column":10},"end":{"line":290,"column":19}},"loc":{"start":{"line":290,"column":19},"end":{"line":290,"column":59}}}},"branchMap":{"0":{"loc":{"start":{"line":60,"column":18},"end":{"line":60,"column":null}},"type":"binary-expr","locations":[{"start":{"line":60,"column":18},"end":{"line":60,"column":66}},{"start":{"line":60,"column":66},"end":{"line":60,"column":null}}]},"1":{"loc":{"start":{"line":63,"column":6},"end":{"line":65,"column":null}},"type":"if","locations":[{"start":{"line":63,"column":6},"end":{"line":65,"column":null}},{"start":{},"end":{}}]},"2":{"loc":{"start":{"line":63,"column":10},"end":{"line":63,"column":63}},"type":"binary-expr","locations":[{"start":{"line":63,"column":10},"end":{"line":63,"column":41}},{"start":{"line":63,"column":41},"end":{"line":63,"column":63}}]},"3":{"loc":{"start":{"line":68,"column":6},"end":{"line":70,"column":null}},"type":"if","locations":[{"start":{"line":68,"column":6},"end":{"line":70,"column":null}},{"start":{},"end":{}}]},"4":{"loc":{"start":{"line":68,"column":10},"end":{"line":68,"column":78}},"type":"binary-expr","locations":[{"start":{"line":68,"column":10},"end":{"line":68,"column":33}},{"start":{"line":68,"column":33},"end":{"line":68,"column":56}},{"start":{"line":68,"column":56},"end":{"line":68,"column":78}}]},"5":{"loc":{"start":{"line":83,"column":2},"end":{"line":91,"column":null}},"type":"if","locations":[{"start":{"line":83,"column":2},"end":{"line":91,"column":null}},{"start":{},"end":{}}]},"6":{"loc":{"start":{"line":97,"column":2},"end":{"line":99,"column":null}},"type":"if","locations":[{"start":{"line":97,"column":2},"end":{"line":99,"column":null}},{"start":{},"end":{}}]},"7":{"loc":{"start":{"line":107,"column":4},"end":{"line":109,"column":null}},"type":"if","locations":[{"start":{"line":107,"column":4},"end":{"line":109,"column":null}},{"start":{},"end":{}}]},"8":{"loc":{"start":{"line":115,"column":30},"end":{"line":115,"column":null}},"type":"binary-expr","locations":[{"start":{"line":115,"column":30},"end":{"line":115,"column":51}},{"start":{"line":115,"column":51},"end":{"line":115,"column":null}}]},"9":{"loc":{"start":{"line":131,"column":4},"end":{"line":143,"column":null}},"type":"if","locations":[{"start":{"line":131,"column":4},"end":{"line":143,"column":null}},{"start":{"line":138,"column":11},"end":{"line":143,"column":null}}]},"10":{"loc":{"start":{"line":132,"column":6},"end":{"line":137,"column":null}},"type":"if","locations":[{"start":{"line":132,"column":6},"end":{"line":137,"column":null}},{"start":{"line":135,"column":13},"end":{"line":137,"column":null}}]},"11":{"loc":{"start":{"line":132,"column":10},"end":{"line":132,"column":40}},"type":"binary-expr","locations":[{"start":{"line":132,"column":10},"end":{"line":132,"column":22}},{"start":{"line":132,"column":22},"end":{"line":132,"column":40}}]},"12":{"loc":{"start":{"line":138,"column":11},"end":{"line":143,"column":null}},"type":"if","locations":[{"start":{"line":138,"column":11},"end":{"line":143,"column":null}},{"start":{"line":141,"column":11},"end":{"line":143,"column":null}}]},"13":{"loc":{"start":{"line":138,"column":15},"end":{"line":138,"column":42}},"type":"binary-expr","locations":[{"start":{"line":138,"column":15},"end":{"line":138,"column":31}},{"start":{"line":138,"column":31},"end":{"line":138,"column":42}}]},"14":{"loc":{"start":{"line":183,"column":9},"end":{"line":183,"column":null}},"type":"binary-expr","locations":[{"start":{"line":183,"column":9},"end":{"line":183,"column":30}},{"start":{"line":183,"column":34},"end":{"line":183,"column":null}}]},"15":{"loc":{"start":{"line":196,"column":51},"end":{"line":196,"column":null}},"type":"binary-expr","locations":[{"start":{"line":196,"column":51},"end":{"line":196,"column":81}},{"start":{"line":196,"column":85},"end":{"line":196,"column":null}}]},"16":{"loc":{"start":{"line":206,"column":15},"end":{"line":206,"column":null}},"type":"cond-expr","locations":[{"start":{"line":206,"column":55},"end":{"line":206,"column":60}},{"start":{"line":206,"column":60},"end":{"line":206,"column":null}}]},"17":{"loc":{"start":{"line":206,"column":15},"end":{"line":206,"column":55}},"type":"binary-expr","locations":[{"start":{"line":206,"column":15},"end":{"line":206,"column":38}},{"start":{"line":206,"column":38},"end":{"line":206,"column":55}}]},"18":{"loc":{"start":{"line":212,"column":4},"end":{"line":214,"column":null}},"type":"if","locations":[{"start":{"line":212,"column":4},"end":{"line":214,"column":null}},{"start":{},"end":{}}]},"19":{"loc":{"start":{"line":212,"column":8},"end":{"line":212,"column":65}},"type":"binary-expr","locations":[{"start":{"line":212,"column":8},"end":{"line":212,"column":26}},{"start":{"line":212,"column":30},"end":{"line":212,"column":65}}]},"20":{"loc":{"start":{"line":217,"column":4},"end":{"line":219,"column":null}},"type":"if","locations":[{"start":{"line":217,"column":4},"end":{"line":219,"column":null}},{"start":{},"end":{}}]},"21":{"loc":{"start":{"line":217,"column":8},"end":{"line":217,"column":51}},"type":"binary-expr","locations":[{"start":{"line":217,"column":8},"end":{"line":217,"column":19}},{"start":{"line":217,"column":23},"end":{"line":217,"column":51}}]},"22":{"loc":{"start":{"line":222,"column":4},"end":{"line":224,"column":null}},"type":"if","locations":[{"start":{"line":222,"column":4},"end":{"line":224,"column":null}},{"start":{},"end":{}}]},"23":{"loc":{"start":{"line":222,"column":8},"end":{"line":222,"column":68}},"type":"binary-expr","locations":[{"start":{"line":222,"column":8},"end":{"line":222,"column":17}},{"start":{"line":222,"column":21},"end":{"line":222,"column":68}}]},"24":{"loc":{"start":{"line":227,"column":4},"end":{"line":229,"column":null}},"type":"if","locations":[{"start":{"line":227,"column":4},"end":{"line":229,"column":null}},{"start":{},"end":{}}]},"25":{"loc":{"start":{"line":227,"column":8},"end":{"line":227,"column":82}},"type":"binary-expr","locations":[{"start":{"line":227,"column":8},"end":{"line":227,"column":19}},{"start":{"line":227,"column":23},"end":{"line":227,"column":45}},{"start":{"line":227,"column":45},"end":{"line":227,"column":82}}]},"26":{"loc":{"start":{"line":233,"column":4},"end":{"line":239,"column":null}},"type":"if","locations":[{"start":{"line":233,"column":4},"end":{"line":239,"column":null}},{"start":{},"end":{}}]},"27":{"loc":{"start":{"line":233,"column":8},"end":{"line":233,"column":73}},"type":"binary-expr","locations":[{"start":{"line":233,"column":8},"end":{"line":233,"column":18}},{"start":{"line":233,"column":22},"end":{"line":233,"column":73}}]},"28":{"loc":{"start":{"line":253,"column":12},"end":{"line":253,"column":null}},"type":"cond-expr","locations":[{"start":{"line":253,"column":56},"end":{"line":253,"column":72}},{"start":{"line":253,"column":72},"end":{"line":253,"column":null}}]},"29":{"loc":{"start":{"line":253,"column":12},"end":{"line":253,"column":56}},"type":"binary-expr","locations":[{"start":{"line":253,"column":12},"end":{"line":253,"column":29}},{"start":{"line":253,"column":29},"end":{"line":253,"column":56}}]},"30":{"loc":{"start":{"line":254,"column":16},"end":{"line":254,"column":null}},"type":"binary-expr","locations":[{"start":{"line":254,"column":16},"end":{"line":254,"column":40}},{"start":{"line":254,"column":40},"end":{"line":254,"column":null}}]},"31":{"loc":{"start":{"line":255,"column":22},"end":{"line":255,"column":null}},"type":"binary-expr","locations":[{"start":{"line":255,"column":22},"end":{"line":255,"column":52}},{"start":{"line":255,"column":52},"end":{"line":255,"column":null}}]},"32":{"loc":{"start":{"line":256,"column":15},"end":{"line":256,"column":null}},"type":"binary-expr","locations":[{"start":{"line":256,"column":15},"end":{"line":256,"column":38}},{"start":{"line":256,"column":38},"end":{"line":256,"column":null}}]},"33":{"loc":{"start":{"line":257,"column":16},"end":{"line":257,"column":null}},"type":"binary-expr","locations":[{"start":{"line":257,"column":16},"end":{"line":257,"column":40}},{"start":{"line":257,"column":40},"end":{"line":257,"column":null}}]},"34":{"loc":{"start":{"line":258,"column":15},"end":{"line":258,"column":null}},"type":"binary-expr","locations":[{"start":{"line":258,"column":15},"end":{"line":258,"column":38}},{"start":{"line":258,"column":38},"end":{"line":258,"column":null}}]},"35":{"loc":{"start":{"line":259,"column":13},"end":{"line":259,"column":null}},"type":"binary-expr","locations":[{"start":{"line":259,"column":13},"end":{"line":259,"column":34}},{"start":{"line":259,"column":34},"end":{"line":259,"column":null}}]},"36":{"loc":{"start":{"line":260,"column":13},"end":{"line":260,"column":null}},"type":"binary-expr","locations":[{"start":{"line":260,"column":13},"end":{"line":260,"column":34}},{"start":{"line":260,"column":34},"end":{"line":260,"column":null}}]},"37":{"loc":{"start":{"line":261,"column":19},"end":{"line":261,"column":null}},"type":"binary-expr","locations":[{"start":{"line":261,"column":19},"end":{"line":261,"column":46}},{"start":{"line":261,"column":46},"end":{"line":261,"column":null}}]},"38":{"loc":{"start":{"line":262,"column":14},"end":{"line":262,"column":null}},"type":"binary-expr","locations":[{"start":{"line":262,"column":14},"end":{"line":262,"column":83}},{"start":{"line":262,"column":83},"end":{"line":262,"column":null}}]},"39":{"loc":{"start":{"line":267,"column":19},"end":{"line":267,"column":null}},"type":"binary-expr","locations":[{"start":{"line":267,"column":19},"end":{"line":267,"column":42}},{"start":{"line":267,"column":42},"end":{"line":267,"column":null}}]},"40":{"loc":{"start":{"line":268,"column":21},"end":{"line":268,"column":null}},"type":"binary-expr","locations":[{"start":{"line":268,"column":21},"end":{"line":268,"column":42}},{"start":{"line":268,"column":42},"end":{"line":268,"column":null}}]},"41":{"loc":{"start":{"line":280,"column":6},"end":{"line":280,"column":null}},"type":"binary-expr","locations":[{"start":{"line":280,"column":6},"end":{"line":280,"column":18}},{"start":{"line":280,"column":22},"end":{"line":280,"column":null}}]},"42":{"loc":{"start":{"line":281,"column":6},"end":{"line":281,"column":null}},"type":"binary-expr","locations":[{"start":{"line":281,"column":6},"end":{"line":281,"column":22}},{"start":{"line":281,"column":26},"end":{"line":281,"column":null}}]},"43":{"loc":{"start":{"line":282,"column":6},"end":{"line":282,"column":null}},"type":"binary-expr","locations":[{"start":{"line":282,"column":6},"end":{"line":282,"column":28}},{"start":{"line":282,"column":32},"end":{"line":282,"column":null}}]},"44":{"loc":{"start":{"line":283,"column":6},"end":{"line":283,"column":null}},"type":"binary-expr","locations":[{"start":{"line":283,"column":6},"end":{"line":283,"column":21}},{"start":{"line":283,"column":25},"end":{"line":283,"column":null}}]},"45":{"loc":{"start":{"line":284,"column":6},"end":{"line":284,"column":null}},"type":"binary-expr","locations":[{"start":{"line":284,"column":6},"end":{"line":284,"column":24}},{"start":{"line":284,"column":28},"end":{"line":284,"column":null}}]},"46":{"loc":{"start":{"line":285,"column":6},"end":{"line":285,"column":null}},"type":"binary-expr","locations":[{"start":{"line":285,"column":6},"end":{"line":285,"column":18}},{"start":{"line":285,"column":22},"end":{"line":285,"column":null}}]},"47":{"loc":{"start":{"line":286,"column":6},"end":{"line":286,"column":null}},"type":"binary-expr","locations":[{"start":{"line":286,"column":6},"end":{"line":286,"column":25}},{"start":{"line":286,"column":29},"end":{"line":286,"column":null}}]},"48":{"loc":{"start":{"line":287,"column":6},"end":{"line":287,"column":null}},"type":"binary-expr","locations":[{"start":{"line":287,"column":6},"end":{"line":287,"column":27}},{"start":{"line":287,"column":31},"end":{"line":287,"column":null}}]},"49":{"loc":{"start":{"line":288,"column":6},"end":{"line":288,"column":null}},"type":"binary-expr","locations":[{"start":{"line":288,"column":6},"end":{"line":288,"column":19}},{"start":{"line":288,"column":23},"end":{"line":288,"column":null}}]},"50":{"loc":{"start":{"line":289,"column":6},"end":{"line":289,"column":null}},"type":"binary-expr","locations":[{"start":{"line":289,"column":6},"end":{"line":289,"column":34}},{"start":{"line":289,"column":38},"end":{"line":289,"column":null}}]}},"s":{"0":0,"1":5,"2":54,"3":2,"4":1,"5":1,"6":1,"7":8,"8":4,"9":1,"10":1,"11":1,"12":1,"13":10,"14":1,"15":1,"16":10,"17":10,"18":2,"19":10,"20":2,"21":10,"22":1,"23":1,"24":1,"25":1,"26":1,"27":1,"28":1,"29":1,"30":1,"31":1,"32":1,"33":8,"34":15,"35":8,"36":1,"37":7,"38":62,"39":7,"40":7,"41":7,"42":7,"43":1,"44":6,"45":6,"46":60,"47":60,"48":6,"49":7,"50":7,"51":7,"52":7,"53":7,"54":712,"55":712,"56":712,"57":10,"58":4,"59":6,"60":702,"61":54,"62":54,"63":648,"64":7,"65":7,"66":60,"67":60,"68":60,"69":4,"70":4,"71":6,"72":4,"73":4,"74":4,"75":6,"76":6,"77":4,"78":2,"79":4,"80":1,"81":4,"82":1,"83":4,"84":1,"85":4,"86":4,"87":1,"88":4,"89":2,"90":2,"91":2,"92":2,"93":1,"94":1,"95":1,"96":10,"97":1},"f":{"0":1,"1":10,"2":1,"3":10,"4":1,"5":8,"6":15,"7":62,"8":7,"9":60,"10":7,"11":60,"12":4,"13":6,"14":4,"15":6,"16":2,"17":2,"18":1,"19":1,"20":10},"b":{"0":[10,2],"1":[2,8],"2":[10,9],"3":[2,8],"4":[10,9,8],"5":[1,0],"6":[1,7],"7":[1,6],"8":[60,2],"9":[10,702],"10":[4,6],"11":[10,7],"12":[54,648],"13":[702,54],"14":[60,0],"15":[6,0],"16":[0,6],"17":[6,6],"18":[2,2],"19":[4,4],"20":[1,3],"21":[4,4],"22":[1,3],"23":[4,4],"24":[1,3],"25":[4,4,4],"26":[1,3],"27":[4,4],"28":[1,1],"29":[2,1],"30":[2,1],"31":[2,0],"32":[2,0],"33":[2,0],"34":[2,0],"35":[2,0],"36":[2,0],"37":[2,0],"38":[2,0],"39":[2,0],"40":[2,0],"41":[1,0],"42":[1,0],"43":[1,0],"44":[1,0],"45":[1,0],"46":[1,0],"47":[1,0],"48":[1,0],"49":[1,0],"50":[1,0]}}
}
