TN:
SF:app/projects/components/project-history-dialog.tsx
FN:47,extractChangedFields
FN:57,(anonymous_2)
FN:61,formatDateTime
FN:78,formatOverviewEntries
FN:82,(anonymous_5)
FN:100,ProjectHistoryDialog
FN:110,(anonymous_7)
FN:136,(anonymous_8)
FN:148,(anonymous_9)
FN:152,(anonymous_10)
FN:163,(anonymous_11)
FN:244,(anonymous_12)
FN:250,(anonymous_13)
FN:250,(anonymous_14)
FN:268,(anonymous_15)
FN:281,(anonymous_16)
FN:299,(anonymous_17)
FN:300,(anonymous_18)
FN:309,(anonymous_19)
FN:326,(anonymous_20)
FNF:20
FNH:20
FNDA:10,extractChangedFields
FNDA:1,(anonymous_2)
FNDA:14,formatDateTime
FNDA:10,formatOverviewEntries
FNDA:37,(anonymous_5)
FNDA:23,ProjectHistoryDialog
FNDA:6,(anonymous_7)
FNDA:6,(anonymous_8)
FNDA:11,(anonymous_9)
FNDA:5,(anonymous_10)
FNDA:2,(anonymous_11)
FNDA:10,(anonymous_12)
FNDA:19,(anonymous_13)
FNDA:64,(anonymous_14)
FNDA:19,(anonymous_15)
FNDA:37,(anonymous_16)
FNDA:2,(anonymous_17)
FNDA:2,(anonymous_18)
FNDA:2,(anonymous_19)
FNDA:21,(anonymous_20)
DA:3,1
DA:4,1
DA:5,1
DA:6,1
DA:7,1
DA:8,1
DA:9,1
DA:10,1
DA:12,1
DA:14,1
DA:15,1
DA:17,1
DA:48,10
DA:49,9
DA:52,1
DA:53,1
DA:54,1
DA:55,1
DA:57,1
DA:62,14
DA:63,14
DA:64,14
DA:65,10
DA:74,0
DA:79,10
DA:81,10
DA:83,37
DA:86,37
DA:87,4
DA:88,33
DA:89,4
DA:90,29
DA:91,4
DA:93,25
DA:96,37
DA:100,6
DA:101,23
DA:102,23
DA:103,23
DA:104,23
DA:105,23
DA:106,23
DA:108,23
DA:110,23
DA:111,6
DA:112,6
DA:113,6
DA:115,6
DA:116,6
DA:120,6
DA:121,1
DA:122,1
DA:125,5
DA:126,5
DA:127,5
DA:129,1
DA:130,1
DA:132,6
DA:136,23
DA:137,6
DA:138,5
DA:140,6
DA:141,1
DA:142,1
DA:143,1
DA:144,1
DA:148,23
DA:149,11
DA:150,5
DA:151,5
DA:152,5
DA:153,5
DA:154,5
DA:155,5
DA:159,23
DA:160,23
DA:162,23
DA:164,2
DA:165,2
DA:166,2
DA:167,2
DA:172,2
DA:173,1
DA:174,1
DA:177,1
DA:182,1
DA:187,1
DA:188,1
DA:195,2
DA:201,23
DA:245,10
DA:246,10
DA:247,10
DA:248,10
DA:249,10
DA:250,64
DA:253,10
DA:269,19
DA:282,37
DA:300,2
DA:309,2
DA:327,21
DA:328,21
LF:103
LH:102
BRDA:48,0,0,9
BRDA:48,0,1,1
BRDA:48,1,0,10
BRDA:48,1,1,9
BRDA:52,2,0,0
BRDA:52,2,1,1
BRDA:54,3,0,0
BRDA:54,3,1,1
BRDA:64,4,0,4
BRDA:64,4,1,10
BRDA:79,5,0,0
BRDA:79,5,1,10
BRDA:83,6,0,37
BRDA:83,6,1,0
BRDA:86,7,0,4
BRDA:86,7,1,33
BRDA:86,8,0,37
BRDA:86,8,1,37
BRDA:88,9,0,4
BRDA:88,9,1,29
BRDA:90,10,0,4
BRDA:90,10,1,25
BRDA:90,11,0,29
BRDA:90,11,1,29
BRDA:90,11,2,25
BRDA:90,11,3,25
BRDA:108,12,0,23
BRDA:108,12,1,0
BRDA:111,13,0,0
BRDA:111,13,1,6
BRDA:120,14,0,1
BRDA:120,14,1,5
BRDA:126,15,0,0
BRDA:126,15,1,5
BRDA:126,16,0,5
BRDA:126,16,1,0
BRDA:130,17,0,1
BRDA:130,17,1,0
BRDA:137,18,0,5
BRDA:137,18,1,1
BRDA:137,19,0,6
BRDA:137,19,1,5
BRDA:140,20,0,1
BRDA:140,20,1,5
BRDA:149,21,0,6
BRDA:149,21,1,5
BRDA:153,22,0,0
BRDA:153,22,1,5
BRDA:155,23,0,5
BRDA:155,23,1,5
BRDA:159,24,0,10
BRDA:159,24,1,13
BRDA:160,25,0,23
BRDA:160,25,1,13
BRDA:164,26,0,0
BRDA:164,26,1,2
BRDA:172,27,0,1
BRDA:172,27,1,1
BRDA:184,28,0,1
BRDA:184,28,1,0
BRDA:191,29,0,1
BRDA:191,29,1,0
BRDA:201,30,0,23
BRDA:201,30,1,0
BRDA:201,31,0,0
BRDA:201,31,1,0
BRDA:214,32,0,6
BRDA:218,33,0,1
BRDA:222,34,0,6
BRDA:227,35,0,10
BRDA:259,36,0,10
BRDA:259,36,1,0
BRDA:259,36,2,0
BRDA:263,37,0,10
BRDA:263,37,1,0
BRDA:263,38,0,0
BRDA:263,38,1,0
BRDA:267,39,0,10
BRDA:280,40,0,10
BRDA:286,41,0,10
BRDA:300,42,0,0
BRDA:300,42,1,2
BRDA:303,43,0,5
BRDA:303,43,1,5
BRDA:311,44,0,2
BRDA:311,44,1,8
BRDA:316,45,0,5
BRDA:316,45,1,5
BRDA:322,46,0,5
BRDA:326,47,0,5
BRDA:333,48,0,21
BRDA:333,48,1,5
BRDA:338,49,0,21
BRDA:348,50,0,5
BRF:94
BRH:72
end_of_record
TN:
SF:components/clients/ng-list-tab.tsx
FN:22,NGListTab
FN:28,(anonymous_2)
FN:71,(anonymous_3)
FN:84,(anonymous_4)
FN:102,(anonymous_5)
FN:129,(anonymous_6)
FN:210,(anonymous_7)
FN:226,(anonymous_8)
FNF:8
FNH:8
FNDA:14,NGListTab
FNDA:3,(anonymous_2)
FNDA:1,(anonymous_3)
FNDA:2,(anonymous_4)
FNDA:1,(anonymous_5)
FNDA:1,(anonymous_6)
FNDA:2,(anonymous_7)
FNDA:2,(anonymous_8)
DA:5,1
DA:6,1
DA:7,1
DA:8,1
DA:9,1
DA:10,1
DA:11,1
DA:12,1
DA:13,1
DA:14,1
DA:15,1
DA:16,1
DA:22,9
DA:23,14
DA:24,14
DA:25,14
DA:26,14
DA:28,14
DA:29,3
DA:30,3
DA:32,3
DA:33,1
DA:38,1
DA:41,2
DA:43,2
DA:44,2
DA:46,1
DA:51,1
DA:52,1
DA:59,1
DA:65,2
DA:67,2
DA:71,14
DA:72,1
DA:73,1
DA:74,1
DA:75,1
DA:76,1
DA:77,1
DA:78,1
DA:79,1
DA:80,1
DA:81,1
DA:84,14
DA:85,2
DA:86,2
DA:87,2
DA:88,1
DA:93,1
DA:102,14
DA:103,1
DA:106,14
DA:107,1
DA:110,13
DA:129,1
DA:211,2
DA:226,2
LF:57
LH:57
BRDA:30,0,0,0
BRDA:30,0,1,3
BRDA:32,1,0,1
BRDA:32,1,1,2
BRDA:51,2,0,1
BRDA:51,2,1,0
BRDA:85,3,0,2
BRDA:85,3,1,0
BRDA:106,4,0,1
BRDA:106,4,1,13
BRDA:110,5,0,1
BRDA:110,5,1,12
BRDA:173,6,0,2
BRDA:191,7,0,10
BRDA:215,8,0,1
BRDA:220,9,0,2
BRDA:220,9,1,1
BRF:17
BRH:14
end_of_record
TN:
SF:components/companies/csv-import-dialog.tsx
FN:19,CSVImportDialog
FN:28,(anonymous_2)
FN:34,(anonymous_3)
FN:62,(anonymous_4)
FN:73,(anonymous_5)
FN:93,(anonymous_6)
FN:103,(anonymous_7)
FN:128,(anonymous_8)
FN:151,(anonymous_9)
FNF:9
FNH:8
FNDA:15,CSVImportDialog
FNDA:3,(anonymous_2)
FNDA:3,(anonymous_3)
FNDA:2,(anonymous_4)
FNDA:11,(anonymous_5)
FNDA:1,(anonymous_6)
FNDA:1,(anonymous_7)
FNDA:0,(anonymous_8)
FNDA:1,(anonymous_9)
DA:3,1
DA:4,1
DA:5,1
DA:6,1
DA:7,1
DA:8,1
DA:9,1
DA:10,1
DA:11,1
DA:19,3
DA:20,15
DA:21,15
DA:22,15
DA:23,15
DA:24,15
DA:25,15
DA:26,15
DA:28,15
DA:29,3
DA:30,3
DA:31,3
DA:34,15
DA:35,3
DA:37,3
DA:38,3
DA:39,3
DA:40,3
DA:42,3
DA:43,3
DA:45,3
DA:46,2
DA:49,0
DA:58,3
DA:62,15
DA:63,2
DA:65,2
DA:66,2
DA:68,2
DA:69,2
DA:71,1
DA:72,11
DA:73,11
DA:76,1
DA:77,1
DA:79,1
DA:80,1
DA:89,2
DA:93,15
DA:94,1
DA:95,1
DA:96,1
DA:97,1
DA:98,1
DA:99,1
DA:100,1
DA:103,15
DA:104,1
DA:105,1
DA:128,0
DA:151,1
LF:60
LH:58
BRDA:45,0,0,2
BRDA:45,0,1,1
BRDA:54,1,0,0
BRDA:54,1,1,0
BRDA:63,2,0,0
BRDA:63,2,1,2
BRDA:119,3,0,15
BRDA:121,4,0,15
BRDA:121,4,1,5
BRDA:132,5,0,15
BRDA:140,6,0,5
BRDA:155,7,0,2
BRDA:155,7,1,3
BRDA:161,8,0,15
BRF:14
BRH:11
end_of_record
TN:
SF:components/companies/csv-steps/upload-step.tsx
FN:13,UploadStep
FN:27,(anonymous_2)
FN:34,(anonymous_3)
FNF:3
FNH:2
FNDA:4,UploadStep
FNDA:3,(anonymous_2)
FNDA:0,(anonymous_3)
DA:3,1
DA:4,1
DA:5,1
DA:6,1
DA:7,1
DA:13,4
DA:14,4
DA:28,3
DA:29,3
DA:34,0
LF:10
LH:9
BRDA:29,0,0,3
BRDA:29,0,1,0
BRF:2
BRH:1
end_of_record
TN:
SF:components/companies/csv-steps/validation-step.tsx
FN:21,ValidationStep
FN:37,(anonymous_2)
FN:83,(anonymous_3)
FNF:3
FNH:3
FNDA:5,ValidationStep
FNDA:2,(anonymous_2)
FNDA:2,(anonymous_3)
DA:3,1
DA:4,1
DA:5,1
DA:6,1
DA:7,1
DA:8,1
DA:9,1
DA:21,5
DA:29,5
DA:37,2
DA:38,2
DA:39,2
DA:40,2
DA:84,2
LF:14
LH:14
BRDA:29,0,0,3
BRDA:29,0,1,2
BRDA:38,1,0,1
BRDA:38,1,1,1
BRDA:39,2,0,0
BRDA:39,2,1,2
BRDA:39,3,0,2
BRDA:39,3,1,0
BRDA:52,4,0,2
BRDA:66,5,0,2
BRDA:103,6,0,2
BRF:11
BRH:9
end_of_record
TN:
SF:hooks/use-ng-list.tsx
FN:9,useNGList
FN:19,(anonymous_2)
FN:45,(anonymous_3)
FN:60,(anonymous_4)
FN:72,(anonymous_5)
FN:88,(anonymous_6)
FNF:6
FNH:6
FNDA:27,useNGList
FNDA:11,(anonymous_2)
FNDA:2,(anonymous_3)
FNDA:2,(anonymous_4)
FNDA:2,(anonymous_5)
FNDA:8,(anonymous_6)
DA:3,1
DA:4,1
DA:5,1
DA:6,1
DA:9,27
DA:10,27
DA:11,27
DA:16,27
DA:17,27
DA:19,27
DA:20,11
DA:21,11
DA:22,11
DA:23,11
DA:25,11
DA:26,11
DA:27,10
DA:29,10
DA:30,10
DA:36,1
DA:37,1
DA:38,1
DA:39,1
DA:41,11
DA:45,27
DA:46,2
DA:48,2
DA:50,2
DA:53,1
DA:55,1
DA:56,1
DA:60,27
DA:61,2
DA:63,2
DA:64,2
DA:65,1
DA:67,1
DA:68,1
DA:72,27
DA:73,2
DA:75,2
DA:76,2
DA:81,1
DA:83,1
DA:84,1
DA:88,27
DA:89,8
DA:90,8
DA:94,27
LF:49
LH:49
BRDA:21,0,0,0
BRDA:21,0,1,11
BRDA:29,1,0,10
BRDA:29,1,1,0
BRDA:31,2,0,10
BRDA:31,2,1,0
BRDA:32,3,0,10
BRDA:32,3,1,0
BRDA:33,4,0,10
BRDA:33,4,1,10
BRDA:79,5,0,2
BRDA:79,5,1,0
BRDA:89,6,0,8
BRDA:89,6,1,0
BRF:14
BRH:8
end_of_record
TN:
SF:lib/csv-utils.ts
FN:55,exportCompaniesToCSV
FN:56,(anonymous_11)
FN:58,(anonymous_12)
FN:59,(anonymous_13)
FN:79,downloadCSV
FN:94,parseCSV
FN:95,(anonymous_16)
FN:101,(anonymous_17)
FN:104,(anonymous_18)
FN:112,(anonymous_19)
FN:122,parseCSVLine
FN:150,normalizeHeader
FN:193,validateCSVData
FN:196,(anonymous_23)
FN:198,(anonymous_24)
FN:201,(anonymous_25)
FN:245,convertCSVToCompanyData
FN:248,(anonymous_27)
FN:276,convertCompaniesArrayToCSV
FN:278,(anonymous_29)
FN:290,(anonymous_30)
FNF:21
FNH:21
FNDA:1,exportCompaniesToCSV
FNDA:10,(anonymous_11)
FNDA:1,(anonymous_12)
FNDA:10,(anonymous_13)
FNDA:1,downloadCSV
FNDA:8,parseCSV
FNDA:15,(anonymous_16)
FNDA:62,(anonymous_17)
FNDA:7,(anonymous_18)
FNDA:60,(anonymous_19)
FNDA:7,parseCSVLine
FNDA:60,normalizeHeader
FNDA:4,validateCSVData
FNDA:6,(anonymous_23)
FNDA:4,(anonymous_24)
FNDA:6,(anonymous_25)
FNDA:2,convertCSVToCompanyData
FNDA:2,(anonymous_27)
FNDA:1,convertCompaniesArrayToCSV
FNDA:1,(anonymous_29)
FNDA:10,(anonymous_30)
DA:16,5
DA:29,54
DA:42,1
DA:55,1
DA:56,10
DA:58,1
DA:59,1
DA:60,10
DA:63,10
DA:64,2
DA:68,10
DA:69,2
DA:72,10
DA:76,1
DA:79,1
DA:80,1
DA:81,1
DA:83,1
DA:84,1
DA:85,1
DA:86,1
DA:87,1
DA:88,1
DA:89,1
DA:90,1
DA:94,8
DA:95,15
DA:97,8
DA:98,1
DA:101,62
DA:102,7
DA:104,7
DA:105,7
DA:107,7
DA:108,1
DA:111,6
DA:112,6
DA:114,60
DA:115,60
DA:118,6
DA:123,7
DA:124,7
DA:125,7
DA:127,7
DA:128,712
DA:129,712
DA:131,712
DA:132,10
DA:133,4
DA:136,6
DA:138,702
DA:139,54
DA:140,54
DA:142,648
DA:146,7
DA:147,7
DA:151,60
DA:154,60
DA:183,60
DA:193,4
DA:194,4
DA:196,6
DA:198,4
DA:199,4
DA:201,4
DA:202,6
DA:203,6
DA:212,4
DA:213,2
DA:217,4
DA:218,1
DA:222,4
DA:223,1
DA:227,4
DA:228,1
DA:232,4
DA:233,4
DA:234,1
DA:242,4
DA:245,2
DA:248,2
DA:249,2
DA:250,2
DA:252,2
DA:276,1
DA:277,1
DA:278,1
DA:279,1
DA:290,10
DA:293,1
LF:90
LH:90
BRDA:60,0,0,10
BRDA:60,0,1,2
BRDA:63,1,0,2
BRDA:63,1,1,8
BRDA:63,2,0,10
BRDA:63,2,1,9
BRDA:68,3,0,2
BRDA:68,3,1,8
BRDA:68,4,0,10
BRDA:68,4,1,9
BRDA:68,4,2,8
BRDA:83,5,0,1
BRDA:83,5,1,0
BRDA:97,6,0,1
BRDA:97,6,1,7
BRDA:107,7,0,1
BRDA:107,7,1,6
BRDA:115,8,0,60
BRDA:115,8,1,2
BRDA:131,9,0,10
BRDA:131,9,1,702
BRDA:132,10,0,4
BRDA:132,10,1,6
BRDA:132,11,0,10
BRDA:132,11,1,7
BRDA:138,12,0,54
BRDA:138,12,1,648
BRDA:138,13,0,702
BRDA:138,13,1,54
BRDA:183,14,0,60
BRDA:183,14,1,0
BRDA:196,15,0,6
BRDA:196,15,1,0
BRDA:206,16,0,0
BRDA:206,16,1,6
BRDA:206,17,0,6
BRDA:206,17,1,6
BRDA:212,18,0,2
BRDA:212,18,1,2
BRDA:212,19,0,4
BRDA:212,19,1,4
BRDA:217,20,0,1
BRDA:217,20,1,3
BRDA:217,21,0,4
BRDA:217,21,1,4
BRDA:222,22,0,1
BRDA:222,22,1,3
BRDA:222,23,0,4
BRDA:222,23,1,4
BRDA:227,24,0,1
BRDA:227,24,1,3
BRDA:227,25,0,4
BRDA:227,25,1,4
BRDA:227,25,2,4
BRDA:233,26,0,1
BRDA:233,26,1,3
BRDA:233,27,0,4
BRDA:233,27,1,4
BRDA:253,28,0,1
BRDA:253,28,1,1
BRDA:253,29,0,2
BRDA:253,29,1,1
BRDA:254,30,0,2
BRDA:254,30,1,1
BRDA:255,31,0,2
BRDA:255,31,1,0
BRDA:256,32,0,2
BRDA:256,32,1,0
BRDA:257,33,0,2
BRDA:257,33,1,0
BRDA:258,34,0,2
BRDA:258,34,1,0
BRDA:259,35,0,2
BRDA:259,35,1,0
BRDA:260,36,0,2
BRDA:260,36,1,0
BRDA:261,37,0,2
BRDA:261,37,1,0
BRDA:262,38,0,2
BRDA:262,38,1,0
BRDA:267,39,0,2
BRDA:267,39,1,0
BRDA:268,40,0,2
BRDA:268,40,1,0
BRDA:280,41,0,1
BRDA:280,41,1,0
BRDA:281,42,0,1
BRDA:281,42,1,0
BRDA:282,43,0,1
BRDA:282,43,1,0
BRDA:283,44,0,1
BRDA:283,44,1,0
BRDA:284,45,0,1
BRDA:284,45,1,0
BRDA:285,46,0,1
BRDA:285,46,1,0
BRDA:286,47,0,1
BRDA:286,47,1,0
BRDA:287,48,0,1
BRDA:287,48,1,0
BRDA:288,49,0,1
BRDA:288,49,1,0
BRDA:289,50,0,1
BRDA:289,50,1,0
BRF:104
BRH:80
end_of_record
